Started GET "/" for ::1 at 2020-01-06 21:25:56 +0100
  
ActiveRecord::PendingMigrationError (

Migrations are pending. To resolve this issue, run:

        bin/rails db:migrate RAILS_ENV=development

):
  
activerecord (5.2.3) lib/active_record/migration.rb:579:in `check_pending!'
activerecord (5.2.3) lib/active_record/migration.rb:556:in `call'
actionpack (5.2.3) lib/action_dispatch/middleware/callbacks.rb:28:in `block in call'
activesupport (5.2.3) lib/active_support/callbacks.rb:98:in `run_callbacks'
actionpack (5.2.3) lib/action_dispatch/middleware/callbacks.rb:26:in `call'
actionpack (5.2.3) lib/action_dispatch/middleware/executor.rb:14:in `call'
actionpack (5.2.3) lib/action_dispatch/middleware/debug_exceptions.rb:61:in `call'
web-console (3.7.0) lib/web_console/middleware.rb:135:in `call_app'
web-console (3.7.0) lib/web_console/middleware.rb:30:in `block in call'
web-console (3.7.0) lib/web_console/middleware.rb:20:in `catch'
web-console (3.7.0) lib/web_console/middleware.rb:20:in `call'
actionpack (5.2.3) lib/action_dispatch/middleware/show_exceptions.rb:33:in `call'
railties (5.2.3) lib/rails/rack/logger.rb:38:in `call_app'
railties (5.2.3) lib/rails/rack/logger.rb:26:in `block in call'
activesupport (5.2.3) lib/active_support/tagged_logging.rb:71:in `block in tagged'
activesupport (5.2.3) lib/active_support/tagged_logging.rb:28:in `tagged'
activesupport (5.2.3) lib/active_support/tagged_logging.rb:71:in `tagged'
railties (5.2.3) lib/rails/rack/logger.rb:26:in `call'
sprockets-rails (3.2.1) lib/sprockets/rails/quiet_assets.rb:13:in `call'
actionpack (5.2.3) lib/action_dispatch/middleware/remote_ip.rb:81:in `call'
actionpack (5.2.3) lib/action_dispatch/middleware/request_id.rb:27:in `call'
rack (2.0.7) lib/rack/method_override.rb:22:in `call'
rack (2.0.7) lib/rack/runtime.rb:22:in `call'
activesupport (5.2.3) lib/active_support/cache/strategy/local_cache_middleware.rb:29:in `call'
actionpack (5.2.3) lib/action_dispatch/middleware/executor.rb:14:in `call'
actionpack (5.2.3) lib/action_dispatch/middleware/static.rb:127:in `call'
rack (2.0.7) lib/rack/sendfile.rb:111:in `call'
railties (5.2.3) lib/rails/engine.rb:524:in `call'
puma (3.12.1) lib/puma/configuration.rb:227:in `call'
puma (3.12.1) lib/puma/server.rb:660:in `handle_request'
puma (3.12.1) lib/puma/server.rb:474:in `process_client'
puma (3.12.1) lib/puma/server.rb:334:in `block in run'
puma (3.12.1) lib/puma/thread_pool.rb:135:in `block in spawn_thread'
  [1m[35m (0.6ms)[0m  [1m[34mSELECT sqlite_version(*)[0m
  ↳ bin/rails:9
  [1m[35m (28.5ms)[0m  [1m[35mCREATE TABLE "schema_migrations" ("version" varchar NOT NULL PRIMARY KEY)[0m
  ↳ bin/rails:9
  [1m[35m (19.5ms)[0m  [1m[35mCREATE TABLE "ar_internal_metadata" ("key" varchar NOT NULL PRIMARY KEY, "value" varchar, "created_at" datetime NOT NULL, "updated_at" datetime NOT NULL)[0m
  ↳ bin/rails:9
  [1m[35m (0.7ms)[0m  [1m[34mSELECT "schema_migrations"."version" FROM "schema_migrations" ORDER BY "schema_migrations"."version" ASC[0m
  ↳ bin/rails:9
Migrating to CreateUsers (20191125214524)
  [1m[35m (0.4ms)[0m  [1m[36mbegin transaction[0m
  ↳ bin/rails:9
  [1m[35m (2.0ms)[0m  [1m[35mCREATE TABLE "users" ("id" integer PRIMARY KEY AUTOINCREMENT NOT NULL, "name" varchar, "email" varchar, "password" varchar, "created_at" datetime NOT NULL, "updated_at" datetime NOT NULL)[0m
  ↳ db/migrate/20191125214524_create_users.rb:3
  [1m[36mActiveRecord::SchemaMigration Create (2.1ms)[0m  [1m[32mINSERT INTO "schema_migrations" ("version") VALUES (?)[0m  [["version", "20191125214524"]]
  ↳ bin/rails:9
  [1m[35m (22.0ms)[0m  [1m[36mcommit transaction[0m
  ↳ bin/rails:9
Migrating to AddPasswordDigestToUsers (20191126172755)
  [1m[35m (0.2ms)[0m  [1m[36mbegin transaction[0m
  ↳ bin/rails:9
  [1m[35m (1.5ms)[0m  [1m[35mALTER TABLE "users" ADD "password_digest" varchar[0m
  ↳ db/migrate/20191126172755_add_password_digest_to_users.rb:3
  [1m[36mActiveRecord::SchemaMigration Create (1.0ms)[0m  [1m[32mINSERT INTO "schema_migrations" ("version") VALUES (?)[0m  [["version", "20191126172755"]]
  ↳ bin/rails:9
  [1m[35m (14.1ms)[0m  [1m[36mcommit transaction[0m
  ↳ bin/rails:9
Migrating to AddRememberDigestToUsers (20191126205751)
  [1m[35m (0.3ms)[0m  [1m[36mbegin transaction[0m
  ↳ bin/rails:9
  [1m[35m (1.8ms)[0m  [1m[35mALTER TABLE "users" ADD "remember_digest" varchar[0m
  ↳ db/migrate/20191126205751_add_remember_digest_to_users.rb:3
  [1m[36mActiveRecord::SchemaMigration Create (0.8ms)[0m  [1m[32mINSERT INTO "schema_migrations" ("version") VALUES (?)[0m  [["version", "20191126205751"]]
  ↳ bin/rails:9
  [1m[35m (16.1ms)[0m  [1m[36mcommit transaction[0m
  ↳ bin/rails:9
Migrating to CreatePosts (20191128200858)
  [1m[35m (0.3ms)[0m  [1m[36mbegin transaction[0m
  ↳ bin/rails:9
  [1m[35m (1.6ms)[0m  [1m[35mCREATE TABLE "posts" ("id" integer PRIMARY KEY AUTOINCREMENT NOT NULL, "title" varchar, "body" varchar, "user_id" integer, "created_at" datetime NOT NULL, "updated_at" datetime NOT NULL, CONSTRAINT "fk_rails_5b5ddfd518"
FOREIGN KEY ("user_id")
  REFERENCES "users" ("id")
)[0m
  ↳ db/migrate/20191128200858_create_posts.rb:3
  [1m[35m (0.7ms)[0m  [1m[35mCREATE  INDEX "index_posts_on_user_id" ON "posts" ("user_id")[0m
  ↳ db/migrate/20191128200858_create_posts.rb:3
  [1m[36mActiveRecord::SchemaMigration Create (1.2ms)[0m  [1m[32mINSERT INTO "schema_migrations" ("version") VALUES (?)[0m  [["version", "20191128200858"]]
  ↳ bin/rails:9
  [1m[35m (25.0ms)[0m  [1m[36mcommit transaction[0m
  ↳ bin/rails:9
  [1m[36mActiveRecord::InternalMetadata Load (1.9ms)[0m  [1m[34mSELECT  "ar_internal_metadata".* FROM "ar_internal_metadata" WHERE "ar_internal_metadata"."key" = ? LIMIT ?[0m  [["key", "environment"], ["LIMIT", 1]]
  ↳ bin/rails:9
  [1m[35m (0.2ms)[0m  [1m[36mbegin transaction[0m
  ↳ bin/rails:9
  [1m[36mActiveRecord::InternalMetadata Create (0.8ms)[0m  [1m[32mINSERT INTO "ar_internal_metadata" ("key", "value", "created_at", "updated_at") VALUES (?, ?, ?, ?)[0m  [["key", "environment"], ["value", "development"], ["created_at", "2020-01-06 20:26:15.585951"], ["updated_at", "2020-01-06 20:26:15.585951"]]
  ↳ bin/rails:9
  [1m[35m (13.5ms)[0m  [1m[36mcommit transaction[0m
  ↳ bin/rails:9
  [1m[35m (0.4ms)[0m  [1m[34mSELECT "schema_migrations"."version" FROM "schema_migrations" ORDER BY "schema_migrations"."version" ASC[0m
  ↳ bin/rails:9
Started GET "/" for ::1 at 2020-01-06 21:27:11 +0100
  [1m[35m (0.9ms)[0m  [1m[34mSELECT "schema_migrations"."version" FROM "schema_migrations" ORDER BY "schema_migrations"."version" ASC[0m
  ↳ /home/marvellous/.rbenv/versions/2.6.3/lib/ruby/gems/2.6.0/gems/activerecord-5.2.3/lib/active_record/log_subscriber.rb:98
Processing by PostsController#index as HTML
  [1m[36mUser Load (0.7ms)[0m  [1m[34mSELECT  "users".* FROM "users" WHERE "users"."id" IS NULL LIMIT ?[0m  [["LIMIT", 1]]
  ↳ app/helpers/sessions_helper.rb:11
  Rendering posts/index.html.erb within layouts/application
  [1m[36mCACHE User Load (0.0ms)[0m  [1m[34mSELECT  "users".* FROM "users" WHERE "users"."id" IS NULL LIMIT ?[0m  [["LIMIT", 1]]
  ↳ app/helpers/sessions_helper.rb:11
  [1m[35m (0.7ms)[0m  [1m[34mSELECT COUNT(*) FROM "posts"[0m
  ↳ app/views/posts/index.html.erb:14
  [1m[36mPost Load (1.0ms)[0m  [1m[34mSELECT  "posts".* FROM "posts" ORDER BY "posts"."created_at" DESC LIMIT ? OFFSET ?[0m  [["LIMIT", 3], ["OFFSET", 0]]
  ↳ app/views/posts/index.html.erb:15
  Rendered collection of templates [0 times] (0.1ms)
  Rendered posts/index.html.erb within layouts/application (19.4ms)
  [1m[36mCACHE User Load (0.0ms)[0m  [1m[34mSELECT  "users".* FROM "users" WHERE "users"."id" IS NULL LIMIT ?[0m  [["LIMIT", 1]]
  ↳ app/helpers/sessions_helper.rb:11
  Rendered layouts/_header.html.erb (6.7ms)
Completed 200 OK in 54374ms (Views: 54157.4ms | ActiveRecord: 5.9ms)


Started GET "/login" for ::1 at 2020-01-06 21:30:41 +0100
Processing by SessionsController#new as HTML
  Rendering sessions/new.html.erb within layouts/application
  Rendered sessions/new.html.erb within layouts/application (111.5ms)
  [1m[36mUser Load (0.6ms)[0m  [1m[34mSELECT  "users".* FROM "users" WHERE "users"."id" IS NULL LIMIT ?[0m  [["LIMIT", 1]]
  ↳ app/helpers/sessions_helper.rb:11
  Rendered layouts/_header.html.erb (12.9ms)
Completed 200 OK in 327ms (Views: 317.9ms | ActiveRecord: 0.6ms)


Started GET "/signup" for ::1 at 2020-01-06 21:30:43 +0100
Processing by UsersController#new as HTML
  Rendering users/new.html.erb within layouts/application
  Rendered users/new.html.erb within layouts/application (13.0ms)
  [1m[36mUser Load (0.4ms)[0m  [1m[34mSELECT  "users".* FROM "users" WHERE "users"."id" IS NULL LIMIT ?[0m  [["LIMIT", 1]]
  ↳ app/helpers/sessions_helper.rb:11
  Rendered layouts/_header.html.erb (8.3ms)
Completed 200 OK in 302ms (Views: 234.1ms | ActiveRecord: 2.6ms)


Started POST "/users" for ::1 at 2020-01-06 21:30:54 +0100
Processing by UsersController#create as HTML
  Parameters: {"utf8"=>"✓", "authenticity_token"=>"zqCcUnPwCPC+w2IRc4ZhUBc3m5natoMw7blNUHOFyIkFwHOSs9um/j+PKEfJmtFaVGF92DAsXarEtwcimv5fYg==", "user"=>{"name"=>"asha", "email"=>"asha@gmail.com", "password"=>"[FILTERED]", "password_confirmation"=>"[FILTERED]"}, "commit"=>"Save changes"}
  [1m[35m (1.1ms)[0m  [1m[36mbegin transaction[0m
  ↳ app/controllers/users_controller.rb:8
  [1m[36mUser Exists (1.8ms)[0m  [1m[34mSELECT  1 AS one FROM "users" WHERE LOWER("users"."email") = LOWER(?) LIMIT ?[0m  [["email", "asha@gmail.com"], ["LIMIT", 1]]
  ↳ app/controllers/users_controller.rb:8
  [1m[36mUser Create (8.3ms)[0m  [1m[32mINSERT INTO "users" ("name", "email", "created_at", "updated_at", "password_digest") VALUES (?, ?, ?, ?, ?)[0m  [["name", "asha"], ["email", "asha@gmail.com"], ["created_at", "2020-01-06 20:30:55.585145"], ["updated_at", "2020-01-06 20:30:55.585145"], ["password_digest", "$2a$12$jPSyfdPBK4UAD3UqU91I4uwW.zw9nVePQh1OGbCY97zJM1hesJVdq"]]
  ↳ app/controllers/users_controller.rb:8
  [1m[35m (18.8ms)[0m  [1m[36mcommit transaction[0m
  ↳ app/controllers/users_controller.rb:8
  [1m[35m (0.2ms)[0m  [1m[36mbegin transaction[0m
  ↳ app/models/user.rb:30
  [1m[36mUser Update (1.0ms)[0m  [1m[33mUPDATE "users" SET "updated_at" = ?, "remember_digest" = ? WHERE "users"."id" = ?[0m  [["updated_at", "2020-01-06 20:30:56.802127"], ["remember_digest", "$2a$12$HcJUFB7udU9GpkGxiRe/2e1QXGNChhe/zcU.KtGqt0wB0nNT2Lf9K"], ["id", 1]]
  ↳ app/models/user.rb:30
  [1m[35m (18.3ms)[0m  [1m[36mcommit transaction[0m
  ↳ app/models/user.rb:30
Redirected to http://localhost:3000/
Completed 302 Found in 2487ms (ActiveRecord: 49.4ms)


Started GET "/" for ::1 at 2020-01-06 21:30:56 +0100
Processing by PostsController#index as HTML
  [1m[36mUser Load (1.1ms)[0m  [1m[34mSELECT  "users".* FROM "users" WHERE "users"."id" = ? LIMIT ?[0m  [["id", 1], ["LIMIT", 1]]
  ↳ app/helpers/sessions_helper.rb:11
  Rendering posts/index.html.erb within layouts/application
  [1m[36mCACHE User Load (0.0ms)[0m  [1m[34mSELECT  "users".* FROM "users" WHERE "users"."id" = ? LIMIT ?[0m  [["id", 1], ["LIMIT", 1]]
  ↳ app/helpers/sessions_helper.rb:11
  [1m[35m (0.6ms)[0m  [1m[34mSELECT COUNT(*) FROM "posts"[0m
  ↳ app/views/posts/index.html.erb:14
  [1m[36mPost Load (0.7ms)[0m  [1m[34mSELECT  "posts".* FROM "posts" ORDER BY "posts"."created_at" DESC LIMIT ? OFFSET ?[0m  [["LIMIT", 3], ["OFFSET", 0]]
  ↳ app/views/posts/index.html.erb:15
  Rendered collection of templates [0 times] (0.0ms)
  Rendered posts/index.html.erb within layouts/application (15.3ms)
  [1m[36mCACHE User Load (0.1ms)[0m  [1m[34mSELECT  "users".* FROM "users" WHERE "users"."id" = ? LIMIT ?[0m  [["id", 1], ["LIMIT", 1]]
  ↳ app/helpers/sessions_helper.rb:11
  Rendered layouts/_header.html.erb (7.4ms)
Completed 200 OK in 342ms (Views: 317.0ms | ActiveRecord: 2.6ms)


Started DELETE "/logout" for ::1 at 2020-01-06 21:31:00 +0100
Processing by SessionsController#destroy as HTML
  Parameters: {"authenticity_token"=>"bD9d4971F2lb4AqCKT/spKEpBFOfRqjCve6mhogMVDiywOb5Pt+otYX2WopNkUK/Aw+w9xLdFs8QYTCds2HKhw=="}
  [1m[36mUser Load (0.5ms)[0m  [1m[34mSELECT  "users".* FROM "users" WHERE "users"."id" = ? LIMIT ?[0m  [["id", 1], ["LIMIT", 1]]
  ↳ app/helpers/sessions_helper.rb:11
Redirected to http://localhost:3000/login
Completed 302 Found in 17ms (ActiveRecord: 0.5ms)


Started GET "/login" for ::1 at 2020-01-06 21:31:00 +0100
Processing by SessionsController#new as HTML
  Rendering sessions/new.html.erb within layouts/application
  Rendered sessions/new.html.erb within layouts/application (14.8ms)
  [1m[36mUser Load (0.6ms)[0m  [1m[34mSELECT  "users".* FROM "users" WHERE "users"."id" = ? LIMIT ?[0m  [["id", 1], ["LIMIT", 1]]
  ↳ app/helpers/sessions_helper.rb:11
  Rendered layouts/_header.html.erb (8.7ms)
Completed 200 OK in 278ms (Views: 268.7ms | ActiveRecord: 0.6ms)


Started GET "/signup" for ::1 at 2020-01-06 21:31:36 +0100
Processing by UsersController#new as HTML
  Rendering users/new.html.erb within layouts/application
  Rendered users/new.html.erb within layouts/application (19.1ms)
  [1m[36mUser Load (0.4ms)[0m  [1m[34mSELECT  "users".* FROM "users" WHERE "users"."id" = ? LIMIT ?[0m  [["id", 1], ["LIMIT", 1]]
  ↳ app/helpers/sessions_helper.rb:11
  Rendered layouts/_header.html.erb (5.9ms)
Completed 200 OK in 256ms (Views: 251.1ms | ActiveRecord: 0.4ms)


Started DELETE "/logout" for ::1 at 2020-01-06 21:34:52 +0100
Processing by SessionsController#destroy as HTML
  Parameters: {"authenticity_token"=>"ufVf3GuTBrG8Yb7D6rlfOl06TWR7pby+b5YNJ1KOixVnCuTGi7m5bWJ37suOF/Eh/xz5wPY+ArPCGZs8aeMVqg=="}
  [1m[36mUser Load (1.1ms)[0m  [1m[34mSELECT  "users".* FROM "users" WHERE "users"."id" = ? LIMIT ?[0m  [["id", 1], ["LIMIT", 1]]
  ↳ app/helpers/sessions_helper.rb:12
Redirected to http://localhost:3000/login
Completed 302 Found in 143ms (ActiveRecord: 8.6ms)


Started GET "/login" for ::1 at 2020-01-06 21:34:53 +0100
Processing by SessionsController#new as HTML
  Rendering sessions/new.html.erb within layouts/application
  Rendered sessions/new.html.erb within layouts/application (16.7ms)
  [1m[36mUser Load (0.6ms)[0m  [1m[34mSELECT  "users".* FROM "users" WHERE "users"."id" = ? LIMIT ?[0m  [["id", 1], ["LIMIT", 1]]
  ↳ app/helpers/sessions_helper.rb:12
  Rendered layouts/_header.html.erb (11.4ms)
Completed 200 OK in 326ms (Views: 320.0ms | ActiveRecord: 0.6ms)


Started GET "/login" for ::1 at 2020-01-06 21:36:04 +0100
Processing by SessionsController#new as HTML
  Rendering sessions/new.html.erb within layouts/application
  Rendered sessions/new.html.erb within layouts/application (12.0ms)
  [1m[36mUser Load (0.6ms)[0m  [1m[34mSELECT  "users".* FROM "users" WHERE "users"."id" = ? LIMIT ?[0m  [["id", 1], ["LIMIT", 1]]
  ↳ app/helpers/sessions_helper.rb:12
  Rendered layouts/_header.html.erb (39.1ms)
Completed 200 OK in 611ms (Views: 606.1ms | ActiveRecord: 0.6ms)


Started GET "/signup" for ::1 at 2020-01-06 21:36:08 +0100
Processing by UsersController#new as HTML
  Rendering users/new.html.erb within layouts/application
  Rendered users/new.html.erb within layouts/application (20.2ms)
  [1m[36mUser Load (0.3ms)[0m  [1m[34mSELECT  "users".* FROM "users" WHERE "users"."id" = ? LIMIT ?[0m  [["id", 1], ["LIMIT", 1]]
  ↳ app/helpers/sessions_helper.rb:12
  Rendered layouts/_header.html.erb (6.0ms)
Completed 200 OK in 293ms (Views: 283.8ms | ActiveRecord: 0.3ms)


Started POST "/users" for ::1 at 2020-01-06 21:36:18 +0100
Processing by UsersController#create as HTML
  Parameters: {"utf8"=>"✓", "authenticity_token"=>"k2rUrkYc+/s4ffTprIKHq12Y6iEKPsgIQjf6l1YQtpNYCjtuhjdV9bkxvr8WnjehHs4MYOCkFpJrObDlv2sheA==", "user"=>{"name"=>"Boda", "email"=>"boda@gmail.com", "password"=>"[FILTERED]", "password_confirmation"=>"[FILTERED]"}, "commit"=>"Save changes"}
  [1m[35m (0.2ms)[0m  [1m[36mbegin transaction[0m
  ↳ app/controllers/users_controller.rb:8
  [1m[36mUser Exists (1.0ms)[0m  [1m[34mSELECT  1 AS one FROM "users" WHERE LOWER("users"."email") = LOWER(?) LIMIT ?[0m  [["email", "boda@gmail.com"], ["LIMIT", 1]]
  ↳ app/controllers/users_controller.rb:8
  [1m[36mUser Create (1.3ms)[0m  [1m[32mINSERT INTO "users" ("name", "email", "created_at", "updated_at", "password_digest") VALUES (?, ?, ?, ?, ?)[0m  [["name", "Boda"], ["email", "boda@gmail.com"], ["created_at", "2020-01-06 20:36:20.291085"], ["updated_at", "2020-01-06 20:36:20.291085"], ["password_digest", "$2a$12$SExem1enn2jzofieRelAteg0IwGgviE4Saq/8bGpvYNDxInzzkgka"]]
  ↳ app/controllers/users_controller.rb:8
  [1m[35m (19.2ms)[0m  [1m[36mcommit transaction[0m
  ↳ app/controllers/users_controller.rb:8
  [1m[35m (0.2ms)[0m  [1m[36mbegin transaction[0m
  ↳ app/models/user.rb:28
  [1m[36mUser Update (1.2ms)[0m  [1m[33mUPDATE "users" SET "updated_at" = ?, "remember_digest" = ? WHERE "users"."id" = ?[0m  [["updated_at", "2020-01-06 20:36:20.352459"], ["remember_digest", "a111c623b73703ea73a57044bb7d3f719fb87023"], ["id", 2]]
  ↳ app/models/user.rb:28
  [1m[35m (23.8ms)[0m  [1m[36mcommit transaction[0m
  ↳ app/models/user.rb:28
Redirected to http://localhost:3000/
Completed 302 Found in 1539ms (ActiveRecord: 47.0ms)


Started GET "/" for ::1 at 2020-01-06 21:36:20 +0100
Processing by PostsController#index as HTML
  [1m[36mUser Load (0.5ms)[0m  [1m[34mSELECT  "users".* FROM "users" WHERE "users"."id" = ? LIMIT ?[0m  [["id", 2], ["LIMIT", 1]]
  ↳ app/helpers/sessions_helper.rb:12
  Rendering posts/index.html.erb within layouts/application
  [1m[36mCACHE User Load (0.2ms)[0m  [1m[34mSELECT  "users".* FROM "users" WHERE "users"."id" = ? LIMIT ?[0m  [["id", 2], ["LIMIT", 1]]
  ↳ app/helpers/sessions_helper.rb:12
  [1m[35m (0.8ms)[0m  [1m[34mSELECT COUNT(*) FROM "posts"[0m
  ↳ app/views/posts/index.html.erb:14
  [1m[36mPost Load (1.5ms)[0m  [1m[34mSELECT  "posts".* FROM "posts" ORDER BY "posts"."created_at" DESC LIMIT ? OFFSET ?[0m  [["LIMIT", 3], ["OFFSET", 0]]
  ↳ app/views/posts/index.html.erb:15
  Rendered collection of templates [0 times] (0.1ms)
  Rendered posts/index.html.erb within layouts/application (31.0ms)
  [1m[36mCACHE User Load (0.6ms)[0m  [1m[34mSELECT  "users".* FROM "users" WHERE "users"."id" = ? LIMIT ?[0m  [["id", 2], ["LIMIT", 1]]
  ↳ app/helpers/sessions_helper.rb:12
  Rendered layouts/_header.html.erb (9.5ms)
Completed 200 OK in 458ms (Views: 399.0ms | ActiveRecord: 5.5ms)


Started DELETE "/logout" for ::1 at 2020-01-06 21:36:26 +0100
Processing by SessionsController#destroy as HTML
  Parameters: {"authenticity_token"=>"50CX/DSbB38VtLQg6xGjkD0hKrBj1m3kq7yNoigD6iQ5vyzm1LG4o8ui5CiPvw2LnweeFO5N0+kGMxu5E250mw=="}
  [1m[36mUser Load (0.5ms)[0m  [1m[34mSELECT  "users".* FROM "users" WHERE "users"."id" = ? LIMIT ?[0m  [["id", 2], ["LIMIT", 1]]
  ↳ app/helpers/sessions_helper.rb:12
Redirected to http://localhost:3000/login
Completed 302 Found in 9ms (ActiveRecord: 0.5ms)


Started GET "/login" for ::1 at 2020-01-06 21:36:26 +0100
Processing by SessionsController#new as HTML
  Rendering sessions/new.html.erb within layouts/application
  Rendered sessions/new.html.erb within layouts/application (6.4ms)
  [1m[36mUser Load (0.8ms)[0m  [1m[34mSELECT  "users".* FROM "users" WHERE "users"."id" = ? LIMIT ?[0m  [["id", 2], ["LIMIT", 1]]
  ↳ app/helpers/sessions_helper.rb:12
  Rendered layouts/_header.html.erb (22.5ms)
Completed 200 OK in 711ms (Views: 705.9ms | ActiveRecord: 0.8ms)


Started GET "/signup" for ::1 at 2020-01-06 21:36:40 +0100
Processing by UsersController#new as HTML
  Rendering users/new.html.erb within layouts/application
  Rendered users/new.html.erb within layouts/application (9.0ms)
  [1m[36mUser Load (1.0ms)[0m  [1m[34mSELECT  "users".* FROM "users" WHERE "users"."id" = ? LIMIT ?[0m  [["id", 2], ["LIMIT", 1]]
  ↳ app/helpers/sessions_helper.rb:12
  Rendered layouts/_header.html.erb (35.4ms)
Completed 200 OK in 472ms (Views: 416.8ms | ActiveRecord: 4.0ms)


Started POST "/users" for ::1 at 2020-01-06 21:36:49 +0100
Processing by UsersController#create as HTML
  Parameters: {"utf8"=>"✓", "authenticity_token"=>"l+8tM7SnlLz9f6NK7/1pkNX94WBGgKH44AIoEgkmSOJcj8LzdIw6snwz6RxV4dmalqsHIawaf2LJDGJg4F3fCQ==", "user"=>{"name"=>"mike", "email"=>"mike@gmail.com", "password"=>"[FILTERED]", "password_confirmation"=>"[FILTERED]"}, "commit"=>"Save changes"}
  [1m[35m (0.5ms)[0m  [1m[36mbegin transaction[0m
  ↳ app/controllers/users_controller.rb:8
  [1m[36mUser Exists (0.9ms)[0m  [1m[34mSELECT  1 AS one FROM "users" WHERE LOWER("users"."email") = LOWER(?) LIMIT ?[0m  [["email", "mike@gmail.com"], ["LIMIT", 1]]
  ↳ app/controllers/users_controller.rb:8
  [1m[36mUser Create (1.6ms)[0m  [1m[32mINSERT INTO "users" ("name", "email", "created_at", "updated_at", "password_digest") VALUES (?, ?, ?, ?, ?)[0m  [["name", "mike"], ["email", "mike@gmail.com"], ["created_at", "2020-01-06 20:36:51.241500"], ["updated_at", "2020-01-06 20:36:51.241500"], ["password_digest", "$2a$12$ISuwMGl4A0bGY6VC/uxdsO4bZ22XWdJjT1fhT64ZdKG6MnHY0TYL6"]]
  ↳ app/controllers/users_controller.rb:8
  [1m[35m (21.7ms)[0m  [1m[36mcommit transaction[0m
  ↳ app/controllers/users_controller.rb:8
  [1m[35m (0.4ms)[0m  [1m[36mbegin transaction[0m
  ↳ app/models/user.rb:28
  [1m[36mUser Update (1.0ms)[0m  [1m[33mUPDATE "users" SET "updated_at" = ?, "remember_digest" = ? WHERE "users"."id" = ?[0m  [["updated_at", "2020-01-06 20:36:51.304963"], ["remember_digest", "4c9b2ca88aa28b9f00f3e93fb66f09ab4f126c02"], ["id", 3]]
  ↳ app/models/user.rb:28
  [1m[35m (24.3ms)[0m  [1m[36mcommit transaction[0m
  ↳ app/models/user.rb:28
Redirected to http://localhost:3000/
Completed 302 Found in 1456ms (ActiveRecord: 50.4ms)


Started GET "/" for ::1 at 2020-01-06 21:36:51 +0100
Processing by PostsController#index as HTML
  [1m[36mUser Load (8.4ms)[0m  [1m[34mSELECT  "users".* FROM "users" WHERE "users"."id" = ? LIMIT ?[0m  [["id", 3], ["LIMIT", 1]]
  ↳ app/helpers/sessions_helper.rb:12
  Rendering posts/index.html.erb within layouts/application
  [1m[36mCACHE User Load (0.1ms)[0m  [1m[34mSELECT  "users".* FROM "users" WHERE "users"."id" = ? LIMIT ?[0m  [["id", 3], ["LIMIT", 1]]
  ↳ app/helpers/sessions_helper.rb:12
  [1m[35m (10.0ms)[0m  [1m[34mSELECT COUNT(*) FROM "posts"[0m
  ↳ app/views/posts/index.html.erb:14
  [1m[36mPost Load (4.0ms)[0m  [1m[34mSELECT  "posts".* FROM "posts" ORDER BY "posts"."created_at" DESC LIMIT ? OFFSET ?[0m  [["LIMIT", 3], ["OFFSET", 0]]
  ↳ app/views/posts/index.html.erb:15
  Rendered collection of templates [0 times] (0.1ms)
  Rendered posts/index.html.erb within layouts/application (50.0ms)
  [1m[36mCACHE User Load (0.1ms)[0m  [1m[34mSELECT  "users".* FROM "users" WHERE "users"."id" = ? LIMIT ?[0m  [["id", 3], ["LIMIT", 1]]
  ↳ app/helpers/sessions_helper.rb:12
  Rendered layouts/_header.html.erb (9.3ms)
Completed 200 OK in 402ms (Views: 320.6ms | ActiveRecord: 24.1ms)


Started GET "/posts" for ::1 at 2020-01-06 21:36:56 +0100
Processing by PostsController#index as HTML
  [1m[36mUser Load (1.6ms)[0m  [1m[34mSELECT  "users".* FROM "users" WHERE "users"."id" = ? LIMIT ?[0m  [["id", 3], ["LIMIT", 1]]
  ↳ app/helpers/sessions_helper.rb:12
  Rendering posts/index.html.erb within layouts/application
  [1m[36mCACHE User Load (0.0ms)[0m  [1m[34mSELECT  "users".* FROM "users" WHERE "users"."id" = ? LIMIT ?[0m  [["id", 3], ["LIMIT", 1]]
  ↳ app/helpers/sessions_helper.rb:12
  [1m[35m (0.8ms)[0m  [1m[34mSELECT COUNT(*) FROM "posts"[0m
  ↳ app/views/posts/index.html.erb:14
  [1m[36mPost Load (0.5ms)[0m  [1m[34mSELECT  "posts".* FROM "posts" ORDER BY "posts"."created_at" DESC LIMIT ? OFFSET ?[0m  [["LIMIT", 3], ["OFFSET", 0]]
  ↳ app/views/posts/index.html.erb:15
  Rendered collection of templates [0 times] (0.0ms)
  Rendered posts/index.html.erb within layouts/application (29.2ms)
  [1m[36mCACHE User Load (0.1ms)[0m  [1m[34mSELECT  "users".* FROM "users" WHERE "users"."id" = ? LIMIT ?[0m  [["id", 3], ["LIMIT", 1]]
  ↳ app/helpers/sessions_helper.rb:12
  Rendered layouts/_header.html.erb (6.3ms)
Completed 200 OK in 310ms (Views: 287.4ms | ActiveRecord: 3.0ms)


Started GET "/posts" for ::1 at 2020-01-06 21:36:58 +0100
Processing by PostsController#index as HTML
  [1m[36mUser Load (0.7ms)[0m  [1m[34mSELECT  "users".* FROM "users" WHERE "users"."id" = ? LIMIT ?[0m  [["id", 3], ["LIMIT", 1]]
  ↳ app/helpers/sessions_helper.rb:12
  Rendering posts/index.html.erb within layouts/application
  [1m[36mCACHE User Load (0.1ms)[0m  [1m[34mSELECT  "users".* FROM "users" WHERE "users"."id" = ? LIMIT ?[0m  [["id", 3], ["LIMIT", 1]]
  ↳ app/helpers/sessions_helper.rb:12
  [1m[35m (0.7ms)[0m  [1m[34mSELECT COUNT(*) FROM "posts"[0m
  ↳ app/views/posts/index.html.erb:14
  [1m[36mPost Load (0.9ms)[0m  [1m[34mSELECT  "posts".* FROM "posts" ORDER BY "posts"."created_at" DESC LIMIT ? OFFSET ?[0m  [["LIMIT", 3], ["OFFSET", 0]]
  ↳ app/views/posts/index.html.erb:15
  Rendered collection of templates [0 times] (0.1ms)
  Rendered posts/index.html.erb within layouts/application (30.5ms)
  [1m[36mCACHE User Load (0.1ms)[0m  [1m[34mSELECT  "users".* FROM "users" WHERE "users"."id" = ? LIMIT ?[0m  [["id", 3], ["LIMIT", 1]]
  ↳ app/helpers/sessions_helper.rb:12
  Rendered layouts/_header.html.erb (12.4ms)
Completed 200 OK in 533ms (Views: 507.9ms | ActiveRecord: 2.4ms)


Started DELETE "/logout" for ::1 at 2020-01-06 21:36:59 +0100
Processing by SessionsController#destroy as HTML
  Parameters: {"authenticity_token"=>"WCPBHkx4qbjFjrs0Gcdh7PIKavdVzhkz4u0A9beBovmG3HoErFIWZBuY6zx9ac/3UCzeU9hVpz5PYpbujOw8Rg=="}
  [1m[36mUser Load (0.6ms)[0m  [1m[34mSELECT  "users".* FROM "users" WHERE "users"."id" = ? LIMIT ?[0m  [["id", 3], ["LIMIT", 1]]
  ↳ app/helpers/sessions_helper.rb:12
Redirected to http://localhost:3000/login
Completed 302 Found in 15ms (ActiveRecord: 0.6ms)


Started GET "/login" for ::1 at 2020-01-06 21:36:59 +0100
Processing by SessionsController#new as HTML
  Rendering sessions/new.html.erb within layouts/application
  Rendered sessions/new.html.erb within layouts/application (9.5ms)
  [1m[36mUser Load (0.8ms)[0m  [1m[34mSELECT  "users".* FROM "users" WHERE "users"."id" = ? LIMIT ?[0m  [["id", 3], ["LIMIT", 1]]
  ↳ app/helpers/sessions_helper.rb:12
  Rendered layouts/_header.html.erb (8.8ms)
Completed 200 OK in 430ms (Views: 424.8ms | ActiveRecord: 0.8ms)


Started DELETE "/logout" for ::1 at 2020-01-06 21:37:46 +0100
Processing by SessionsController#destroy as HTML
  Parameters: {"authenticity_token"=>"l+wVGrVB46l6kp/drb6EWNTYfwyc+Ct5EGzWfU3MfphJE64AVWtcdaSEz9XJECpDdv7LqBFjlXS940BmdqHgJw=="}
  [1m[36mUser Load (0.8ms)[0m  [1m[34mSELECT  "users".* FROM "users" WHERE "users"."id" = ? LIMIT ?[0m  [["id", 3], ["LIMIT", 1]]
  ↳ app/helpers/sessions_helper.rb:12
Redirected to http://localhost:3000/login
Completed 302 Found in 147ms (ActiveRecord: 6.0ms)


Started GET "/login" for ::1 at 2020-01-06 21:37:47 +0100
Processing by SessionsController#new as HTML
  Rendering sessions/new.html.erb within layouts/application
  Rendered sessions/new.html.erb within layouts/application (17.2ms)
  [1m[36mUser Load (1.6ms)[0m  [1m[34mSELECT  "users".* FROM "users" WHERE "users"."id" = ? LIMIT ?[0m  [["id", 3], ["LIMIT", 1]]
  ↳ app/helpers/sessions_helper.rb:12
  Rendered layouts/_header.html.erb (16.5ms)
Completed 200 OK in 596ms (Views: 577.0ms | ActiveRecord: 1.6ms)


Started GET "/signup" for ::1 at 2020-01-06 21:37:48 +0100
Processing by UsersController#new as HTML
  Rendering users/new.html.erb within layouts/application
  Rendered users/new.html.erb within layouts/application (24.2ms)
  [1m[36mUser Load (0.7ms)[0m  [1m[34mSELECT  "users".* FROM "users" WHERE "users"."id" = ? LIMIT ?[0m  [["id", 3], ["LIMIT", 1]]
  ↳ app/helpers/sessions_helper.rb:12
  Rendered layouts/_header.html.erb (18.2ms)
Completed 200 OK in 492ms (Views: 476.1ms | ActiveRecord: 0.7ms)


Started GET "/signup" for ::1 at 2020-01-06 21:37:52 +0100
Processing by UsersController#new as HTML
  Rendering users/new.html.erb within layouts/application
  Rendered users/new.html.erb within layouts/application (33.9ms)
  [1m[36mUser Load (0.5ms)[0m  [1m[34mSELECT  "users".* FROM "users" WHERE "users"."id" = ? LIMIT ?[0m  [["id", 3], ["LIMIT", 1]]
  ↳ app/helpers/sessions_helper.rb:12
  Rendered layouts/_header.html.erb (6.8ms)
Completed 200 OK in 421ms (Views: 413.7ms | ActiveRecord: 0.5ms)


Started POST "/users" for ::1 at 2020-01-06 21:38:03 +0100
Processing by UsersController#create as HTML
  Parameters: {"utf8"=>"✓", "authenticity_token"=>"QT7TF+Yk2RfBExM5nWMIk4Qr+pRmx8C7nOHNCZRVrmqKXjzXJg93GUBfWW8nf7iZx30c1YxdHiG174d7fS45gQ==", "user"=>{"name"=>"loren", "email"=>"loren@gmail.com", "password"=>"[FILTERED]", "password_confirmation"=>"[FILTERED]"}, "commit"=>"Save changes"}
  [1m[35m (0.3ms)[0m  [1m[36mbegin transaction[0m
  ↳ app/controllers/users_controller.rb:8
  [1m[36mUser Exists (1.1ms)[0m  [1m[34mSELECT  1 AS one FROM "users" WHERE LOWER("users"."email") = LOWER(?) LIMIT ?[0m  [["email", "loren@gmail.com"], ["LIMIT", 1]]
  ↳ app/controllers/users_controller.rb:8
  [1m[36mUser Create (1.3ms)[0m  [1m[32mINSERT INTO "users" ("name", "email", "created_at", "updated_at", "password_digest") VALUES (?, ?, ?, ?, ?)[0m  [["name", "loren"], ["email", "loren@gmail.com"], ["created_at", "2020-01-06 20:38:04.997660"], ["updated_at", "2020-01-06 20:38:04.997660"], ["password_digest", "$2a$12$QeMbazcUN2BUwMiXSw4WTOSONrxhSjuiIN20AKcRytD30odQ0MGYq"]]
  ↳ app/controllers/users_controller.rb:8
  [1m[35m (60.5ms)[0m  [1m[36mcommit transaction[0m
  ↳ app/controllers/users_controller.rb:8
  [1m[35m (0.3ms)[0m  [1m[36mbegin transaction[0m
  ↳ app/models/user.rb:28
  [1m[36mUser Update (1.2ms)[0m  [1m[33mUPDATE "users" SET "updated_at" = ?, "remember_digest" = ? WHERE "users"."id" = ?[0m  [["updated_at", "2020-01-06 20:38:05.082563"], ["remember_digest", "704b44bac2721fd731d70e665875c2d9e1fc35fa"], ["id", 4]]
  ↳ app/models/user.rb:28
  [1m[35m (20.4ms)[0m  [1m[36mcommit transaction[0m
  ↳ app/models/user.rb:28
Redirected to http://localhost:3000/
Completed 302 Found in 1958ms (ActiveRecord: 85.1ms)


Started GET "/" for ::1 at 2020-01-06 21:38:05 +0100
Processing by PostsController#index as HTML
  [1m[36mUser Load (3.9ms)[0m  [1m[34mSELECT  "users".* FROM "users" WHERE "users"."id" = ? LIMIT ?[0m  [["id", 4], ["LIMIT", 1]]
  ↳ app/helpers/sessions_helper.rb:12
  Rendering posts/index.html.erb within layouts/application
  [1m[36mCACHE User Load (0.1ms)[0m  [1m[34mSELECT  "users".* FROM "users" WHERE "users"."id" = ? LIMIT ?[0m  [["id", 4], ["LIMIT", 1]]
  ↳ app/helpers/sessions_helper.rb:12
  [1m[35m (0.7ms)[0m  [1m[34mSELECT COUNT(*) FROM "posts"[0m
  ↳ app/views/posts/index.html.erb:14
  [1m[36mPost Load (0.6ms)[0m  [1m[34mSELECT  "posts".* FROM "posts" ORDER BY "posts"."created_at" DESC LIMIT ? OFFSET ?[0m  [["LIMIT", 3], ["OFFSET", 0]]
  ↳ app/views/posts/index.html.erb:15
  Rendered collection of templates [0 times] (0.0ms)
  Rendered posts/index.html.erb within layouts/application (21.7ms)
  [1m[36mCACHE User Load (0.0ms)[0m  [1m[34mSELECT  "users".* FROM "users" WHERE "users"."id" = ? LIMIT ?[0m  [["id", 4], ["LIMIT", 1]]
  ↳ app/helpers/sessions_helper.rb:12
  Rendered layouts/_header.html.erb (5.6ms)
Completed 200 OK in 364ms (Views: 281.7ms | ActiveRecord: 7.1ms)


Started GET "/" for ::1 at 2020-01-06 21:38:54 +0100
Processing by PostsController#index as HTML
  [1m[36mUser Load (5.0ms)[0m  [1m[34mSELECT  "users".* FROM "users" WHERE "users"."id" = ? LIMIT ?[0m  [["id", 4], ["LIMIT", 1]]
  ↳ app/helpers/sessions_helper.rb:12
  Rendering posts/index.html.erb within layouts/application
  [1m[36mCACHE User Load (0.0ms)[0m  [1m[34mSELECT  "users".* FROM "users" WHERE "users"."id" = ? LIMIT ?[0m  [["id", 4], ["LIMIT", 1]]
  ↳ app/helpers/sessions_helper.rb:12
  [1m[35m (0.7ms)[0m  [1m[34mSELECT COUNT(*) FROM "posts"[0m
  ↳ app/views/posts/index.html.erb:14
  [1m[36mPost Load (0.5ms)[0m  [1m[34mSELECT  "posts".* FROM "posts" ORDER BY "posts"."created_at" DESC LIMIT ? OFFSET ?[0m  [["LIMIT", 3], ["OFFSET", 0]]
  ↳ app/views/posts/index.html.erb:15
  Rendered collection of templates [0 times] (0.1ms)
  Rendered posts/index.html.erb within layouts/application (21.5ms)
  [1m[36mCACHE User Load (0.1ms)[0m  [1m[34mSELECT  "users".* FROM "users" WHERE "users"."id" = ? LIMIT ?[0m  [["id", 4], ["LIMIT", 1]]
  ↳ app/helpers/sessions_helper.rb:12
  Rendered layouts/_header.html.erb (6.6ms)
Completed 200 OK in 337ms (Views: 318.0ms | ActiveRecord: 6.3ms)


Started DELETE "/logout" for ::1 at 2020-01-06 21:38:58 +0100
Processing by SessionsController#destroy as HTML
  Parameters: {"authenticity_token"=>"xaHUkpwxYJHkdhAvnqgeXMRcximgrrkAgK2bNgPvVvEbXm+IfBvfTTpgQCf6BrBHZnpyjS01Bw0tIg0tOILITg=="}
  [1m[36mUser Load (0.7ms)[0m  [1m[34mSELECT  "users".* FROM "users" WHERE "users"."id" = ? LIMIT ?[0m  [["id", 4], ["LIMIT", 1]]
  ↳ app/helpers/sessions_helper.rb:12
Redirected to http://localhost:3000/login
Completed 302 Found in 24ms (ActiveRecord: 0.7ms)


Started GET "/login" for ::1 at 2020-01-06 21:38:58 +0100
Processing by SessionsController#new as HTML
  Rendering sessions/new.html.erb within layouts/application
  Rendered sessions/new.html.erb within layouts/application (7.0ms)
  [1m[36mUser Load (0.6ms)[0m  [1m[34mSELECT  "users".* FROM "users" WHERE "users"."id" = ? LIMIT ?[0m  [["id", 4], ["LIMIT", 1]]
  ↳ app/helpers/sessions_helper.rb:12
  Rendered layouts/_header.html.erb (9.4ms)
Completed 200 OK in 319ms (Views: 313.5ms | ActiveRecord: 0.6ms)


Started GET "/posts" for ::1 at 2020-01-06 21:39:00 +0100
Processing by PostsController#index as HTML
  [1m[36mUser Load (8.4ms)[0m  [1m[34mSELECT  "users".* FROM "users" WHERE "users"."id" = ? LIMIT ?[0m  [["id", 4], ["LIMIT", 1]]
  ↳ app/helpers/sessions_helper.rb:12
  Rendering posts/index.html.erb within layouts/application
  [1m[36mCACHE User Load (0.1ms)[0m  [1m[34mSELECT  "users".* FROM "users" WHERE "users"."id" = ? LIMIT ?[0m  [["id", 4], ["LIMIT", 1]]
  ↳ app/helpers/sessions_helper.rb:12
  [1m[35m (0.9ms)[0m  [1m[34mSELECT COUNT(*) FROM "posts"[0m
  ↳ app/views/posts/index.html.erb:14
  [1m[36mPost Load (0.7ms)[0m  [1m[34mSELECT  "posts".* FROM "posts" ORDER BY "posts"."created_at" DESC LIMIT ? OFFSET ?[0m  [["LIMIT", 3], ["OFFSET", 0]]
  ↳ app/views/posts/index.html.erb:15
  Rendered collection of templates [0 times] (0.1ms)
  Rendered posts/index.html.erb within layouts/application (50.3ms)
  [1m[36mCACHE User Load (0.1ms)[0m  [1m[34mSELECT  "users".* FROM "users" WHERE "users"."id" = ? LIMIT ?[0m  [["id", 4], ["LIMIT", 1]]
  ↳ app/helpers/sessions_helper.rb:12
  Rendered layouts/_header.html.erb (6.5ms)
Completed 200 OK in 414ms (Views: 388.6ms | ActiveRecord: 10.1ms)


Started GET "/posts" for ::1 at 2020-01-06 21:40:24 +0100
Processing by PostsController#index as HTML
  [1m[36mUser Load (1.0ms)[0m  [1m[34mSELECT  "users".* FROM "users" WHERE "users"."id" = ? LIMIT ?[0m  [["id", 4], ["LIMIT", 1]]
  ↳ app/helpers/sessions_helper.rb:12
  Rendering posts/index.html.erb within layouts/application
  [1m[36mCACHE User Load (0.1ms)[0m  [1m[34mSELECT  "users".* FROM "users" WHERE "users"."id" = ? LIMIT ?[0m  [["id", 4], ["LIMIT", 1]]
  ↳ app/helpers/sessions_helper.rb:12
  [1m[35m (0.6ms)[0m  [1m[34mSELECT COUNT(*) FROM "posts"[0m
  ↳ app/views/posts/index.html.erb:14
  [1m[36mPost Load (1.2ms)[0m  [1m[34mSELECT  "posts".* FROM "posts" ORDER BY "posts"."created_at" DESC LIMIT ? OFFSET ?[0m  [["LIMIT", 3], ["OFFSET", 0]]
  ↳ app/views/posts/index.html.erb:15
  Rendered collection of templates [0 times] (0.0ms)
  Rendered posts/index.html.erb within layouts/application (16.4ms)
  [1m[36mCACHE User Load (0.0ms)[0m  [1m[34mSELECT  "users".* FROM "users" WHERE "users"."id" = ? LIMIT ?[0m  [["id", 4], ["LIMIT", 1]]
  ↳ app/helpers/sessions_helper.rb:12
  Rendered layouts/_header.html.erb (7.4ms)
Completed 200 OK in 451ms (Views: 317.9ms | ActiveRecord: 7.5ms)


Started DELETE "/logout" for ::1 at 2020-01-06 21:40:27 +0100
Processing by SessionsController#destroy as HTML
  Parameters: {"authenticity_token"=>"fAk+LvBmMTKeMWCZx8JiUU2PoLnkCcYMdi90UtUB/oKi9oU0EEyO7kAnMJGjbMxK76kUHWmSeAHboOJJ7mxgPQ=="}
  [1m[36mUser Load (0.6ms)[0m  [1m[34mSELECT  "users".* FROM "users" WHERE "users"."id" = ? LIMIT ?[0m  [["id", 4], ["LIMIT", 1]]
  ↳ app/helpers/sessions_helper.rb:12
  [1m[35m (0.2ms)[0m  [1m[36mbegin transaction[0m
  ↳ app/models/user.rb:33
  [1m[36mUser Update (4.3ms)[0m  [1m[33mUPDATE "users" SET "remember_digest" = ?, "updated_at" = ? WHERE "users"."id" = ?[0m  [["remember_digest", nil], ["updated_at", "2020-01-06 20:40:27.797532"], ["id", 4]]
  ↳ app/models/user.rb:33
  [1m[35m (18.1ms)[0m  [1m[36mcommit transaction[0m
  ↳ app/models/user.rb:33
Redirected to http://localhost:3000/login
Completed 302 Found in 56ms (ActiveRecord: 23.3ms)


Started GET "/login" for ::1 at 2020-01-06 21:40:27 +0100
Processing by SessionsController#new as HTML
  Rendering sessions/new.html.erb within layouts/application
  Rendered sessions/new.html.erb within layouts/application (14.8ms)
  [1m[36mUser Load (0.7ms)[0m  [1m[34mSELECT  "users".* FROM "users" WHERE "users"."id" = ? LIMIT ?[0m  [["id", 4], ["LIMIT", 1]]
  ↳ app/helpers/sessions_helper.rb:12
  Rendered layouts/_header.html.erb (10.4ms)
Completed 200 OK in 496ms (Views: 489.4ms | ActiveRecord: 0.7ms)


Started GET "/posts" for ::1 at 2020-01-06 21:40:33 +0100
Processing by PostsController#index as HTML
  [1m[36mUser Load (0.8ms)[0m  [1m[34mSELECT  "users".* FROM "users" WHERE "users"."id" = ? LIMIT ?[0m  [["id", 4], ["LIMIT", 1]]
  ↳ app/helpers/sessions_helper.rb:12
  Rendering posts/index.html.erb within layouts/application
  [1m[36mCACHE User Load (0.1ms)[0m  [1m[34mSELECT  "users".* FROM "users" WHERE "users"."id" = ? LIMIT ?[0m  [["id", 4], ["LIMIT", 1]]
  ↳ app/helpers/sessions_helper.rb:12
  [1m[35m (0.6ms)[0m  [1m[34mSELECT COUNT(*) FROM "posts"[0m
  ↳ app/views/posts/index.html.erb:14
  [1m[36mPost Load (0.5ms)[0m  [1m[34mSELECT  "posts".* FROM "posts" ORDER BY "posts"."created_at" DESC LIMIT ? OFFSET ?[0m  [["LIMIT", 3], ["OFFSET", 0]]
  ↳ app/views/posts/index.html.erb:15
  Rendered collection of templates [0 times] (0.0ms)
  Rendered posts/index.html.erb within layouts/application (18.1ms)
  [1m[36mCACHE User Load (0.0ms)[0m  [1m[34mSELECT  "users".* FROM "users" WHERE "users"."id" = ? LIMIT ?[0m  [["id", 4], ["LIMIT", 1]]
  ↳ app/helpers/sessions_helper.rb:12
  Rendered layouts/_header.html.erb (5.3ms)
Completed 200 OK in 334ms (Views: 316.1ms | ActiveRecord: 2.0ms)


Started GET "/posts" for ::1 at 2020-01-06 21:44:33 +0100
Processing by PostsController#index as HTML
  [1m[36mUser Load (0.7ms)[0m  [1m[34mSELECT  "users".* FROM "users" WHERE "users"."id" = ? LIMIT ?[0m  [["id", 4], ["LIMIT", 1]]
  ↳ app/helpers/sessions_helper.rb:12
  Rendering posts/index.html.erb within layouts/application
  [1m[36mCACHE User Load (0.1ms)[0m  [1m[34mSELECT  "users".* FROM "users" WHERE "users"."id" = ? LIMIT ?[0m  [["id", 4], ["LIMIT", 1]]
  ↳ app/helpers/sessions_helper.rb:12
  [1m[35m (0.7ms)[0m  [1m[34mSELECT COUNT(*) FROM "posts"[0m
  ↳ app/views/posts/index.html.erb:14
  [1m[36mPost Load (1.0ms)[0m  [1m[34mSELECT  "posts".* FROM "posts" ORDER BY "posts"."created_at" DESC LIMIT ? OFFSET ?[0m  [["LIMIT", 3], ["OFFSET", 0]]
  ↳ app/views/posts/index.html.erb:15
  Rendered collection of templates [0 times] (0.3ms)
  Rendered posts/index.html.erb within layouts/application (37.3ms)
  [1m[36mCACHE User Load (0.1ms)[0m  [1m[34mSELECT  "users".* FROM "users" WHERE "users"."id" = ? LIMIT ?[0m  [["id", 4], ["LIMIT", 1]]
  ↳ app/helpers/sessions_helper.rb:12
  Rendered layouts/_header.html.erb (6.1ms)
Completed 200 OK in 418ms (Views: 280.8ms | ActiveRecord: 9.4ms)


Started DELETE "/logout" for ::1 at 2020-01-06 21:44:36 +0100
Processing by SessionsController#destroy as HTML
  Parameters: {"authenticity_token"=>"41Jx/ijc07eRZbwIlO9va89wWbOZyXEU79kOMqOQ6AE9rcrkyPZsa09z7ADwQcFwbVbtFxRSzxlCVpgpmP12vg=="}
  [1m[36mUser Load (0.7ms)[0m  [1m[34mSELECT  "users".* FROM "users" WHERE "users"."id" = ? LIMIT ?[0m  [["id", 4], ["LIMIT", 1]]
  ↳ app/helpers/sessions_helper.rb:12
  [1m[35m (0.4ms)[0m  [1m[36mbegin transaction[0m
  ↳ app/models/user.rb:33
  [1m[35m (0.3ms)[0m  [1m[36mcommit transaction[0m
  ↳ app/models/user.rb:33
Completed 500 Internal Server Error in 1205ms (ActiveRecord: 1.4ms)


  
NameError (undefined local variable or method `logged_in' for #<SessionsController:0x00007f59ea5ee9a8>
Did you mean?  logged_in?
               log_in):
  
app/controllers/sessions_controller.rb:20:in `destroy'
Started GET "/logout" for ::1 at 2020-01-06 21:44:58 +0100
  
ActionController::RoutingError (No route matches [GET] "/logout"):
  
actionpack (5.2.3) lib/action_dispatch/middleware/debug_exceptions.rb:65:in `call'
web-console (3.7.0) lib/web_console/middleware.rb:135:in `call_app'
web-console (3.7.0) lib/web_console/middleware.rb:30:in `block in call'
web-console (3.7.0) lib/web_console/middleware.rb:20:in `catch'
web-console (3.7.0) lib/web_console/middleware.rb:20:in `call'
actionpack (5.2.3) lib/action_dispatch/middleware/show_exceptions.rb:33:in `call'
railties (5.2.3) lib/rails/rack/logger.rb:38:in `call_app'
railties (5.2.3) lib/rails/rack/logger.rb:26:in `block in call'
activesupport (5.2.3) lib/active_support/tagged_logging.rb:71:in `block in tagged'
activesupport (5.2.3) lib/active_support/tagged_logging.rb:28:in `tagged'
activesupport (5.2.3) lib/active_support/tagged_logging.rb:71:in `tagged'
railties (5.2.3) lib/rails/rack/logger.rb:26:in `call'
sprockets-rails (3.2.1) lib/sprockets/rails/quiet_assets.rb:13:in `call'
actionpack (5.2.3) lib/action_dispatch/middleware/remote_ip.rb:81:in `call'
actionpack (5.2.3) lib/action_dispatch/middleware/request_id.rb:27:in `call'
rack (2.0.7) lib/rack/method_override.rb:22:in `call'
rack (2.0.7) lib/rack/runtime.rb:22:in `call'
activesupport (5.2.3) lib/active_support/cache/strategy/local_cache_middleware.rb:29:in `call'
actionpack (5.2.3) lib/action_dispatch/middleware/executor.rb:14:in `call'
actionpack (5.2.3) lib/action_dispatch/middleware/static.rb:127:in `call'
rack (2.0.7) lib/rack/sendfile.rb:111:in `call'
railties (5.2.3) lib/rails/engine.rb:524:in `call'
puma (3.12.1) lib/puma/configuration.rb:227:in `call'
puma (3.12.1) lib/puma/server.rb:660:in `handle_request'
puma (3.12.1) lib/puma/server.rb:474:in `process_client'
puma (3.12.1) lib/puma/server.rb:334:in `block in run'
puma (3.12.1) lib/puma/thread_pool.rb:135:in `block in spawn_thread'
Started GET "/login" for ::1 at 2020-01-06 21:45:02 +0100
Processing by SessionsController#new as HTML
  Rendering sessions/new.html.erb within layouts/application
  Rendered sessions/new.html.erb within layouts/application (8.7ms)
  [1m[36mUser Load (0.7ms)[0m  [1m[34mSELECT  "users".* FROM "users" WHERE "users"."id" = ? LIMIT ?[0m  [["id", 4], ["LIMIT", 1]]
  ↳ app/helpers/sessions_helper.rb:12
  Rendered layouts/_header.html.erb (194.6ms)
Completed 200 OK in 660ms (Views: 648.5ms | ActiveRecord: 4.9ms)


Started DELETE "/logout" for ::1 at 2020-01-06 21:45:05 +0100
Processing by SessionsController#destroy as HTML
  Parameters: {"authenticity_token"=>"41Jx/ijc07eRZbwIlO9va89wWbOZyXEU79kOMqOQ6AE9rcrkyPZsa09z7ADwQcFwbVbtFxRSzxlCVpgpmP12vg=="}
  [1m[36mUser Load (0.6ms)[0m  [1m[34mSELECT  "users".* FROM "users" WHERE "users"."id" = ? LIMIT ?[0m  [["id", 4], ["LIMIT", 1]]
  ↳ app/helpers/sessions_helper.rb:12
  [1m[35m (0.2ms)[0m  [1m[36mbegin transaction[0m
  ↳ app/models/user.rb:33
  [1m[35m (0.2ms)[0m  [1m[36mcommit transaction[0m
  ↳ app/models/user.rb:33
  [1m[36mCACHE User Load (0.1ms)[0m  [1m[34mSELECT  "users".* FROM "users" WHERE "users"."id" = ? LIMIT ?[0m  [["id", 4], ["LIMIT", 1]]
  ↳ app/helpers/sessions_helper.rb:12
No template found for SessionsController#destroy, rendering head :no_content
Completed 204 No Content in 109ms (ActiveRecord: 1.0ms)


Started DELETE "/logout" for ::1 at 2020-01-06 21:45:06 +0100
Processing by SessionsController#destroy as HTML
  Parameters: {"authenticity_token"=>"41Jx/ijc07eRZbwIlO9va89wWbOZyXEU79kOMqOQ6AE9rcrkyPZsa09z7ADwQcFwbVbtFxRSzxlCVpgpmP12vg=="}
  [1m[36mUser Load (0.8ms)[0m  [1m[34mSELECT  "users".* FROM "users" WHERE "users"."id" = ? LIMIT ?[0m  [["id", 4], ["LIMIT", 1]]
  ↳ app/helpers/sessions_helper.rb:12
  [1m[35m (6.5ms)[0m  [1m[36mbegin transaction[0m
  ↳ app/models/user.rb:33
  [1m[35m (0.4ms)[0m  [1m[36mcommit transaction[0m
  ↳ app/models/user.rb:33
  [1m[36mCACHE User Load (0.1ms)[0m  [1m[34mSELECT  "users".* FROM "users" WHERE "users"."id" = ? LIMIT ?[0m  [["id", 4], ["LIMIT", 1]]
  ↳ app/helpers/sessions_helper.rb:12
No template found for SessionsController#destroy, rendering head :no_content
Completed 204 No Content in 144ms (ActiveRecord: 7.7ms)


Started DELETE "/logout" for ::1 at 2020-01-06 21:45:07 +0100
Processing by SessionsController#destroy as HTML
  Parameters: {"authenticity_token"=>"41Jx/ijc07eRZbwIlO9va89wWbOZyXEU79kOMqOQ6AE9rcrkyPZsa09z7ADwQcFwbVbtFxRSzxlCVpgpmP12vg=="}
  [1m[36mUser Load (1.3ms)[0m  [1m[34mSELECT  "users".* FROM "users" WHERE "users"."id" = ? LIMIT ?[0m  [["id", 4], ["LIMIT", 1]]
  ↳ app/helpers/sessions_helper.rb:12
  [1m[35m (0.2ms)[0m  [1m[36mbegin transaction[0m
  ↳ app/models/user.rb:33
  [1m[35m (0.2ms)[0m  [1m[36mcommit transaction[0m
  ↳ app/models/user.rb:33
  [1m[36mCACHE User Load (0.3ms)[0m  [1m[34mSELECT  "users".* FROM "users" WHERE "users"."id" = ? LIMIT ?[0m  [["id", 4], ["LIMIT", 1]]
  ↳ app/helpers/sessions_helper.rb:12
No template found for SessionsController#destroy, rendering head :no_content
Completed 204 No Content in 107ms (ActiveRecord: 2.0ms)


Started GET "/posts" for ::1 at 2020-01-06 21:48:04 +0100
Processing by PostsController#index as HTML
  [1m[36mUser Load (0.6ms)[0m  [1m[34mSELECT  "users".* FROM "users" WHERE "users"."id" = ? LIMIT ?[0m  [["id", 4], ["LIMIT", 1]]
  ↳ app/helpers/sessions_helper.rb:12
  Rendering posts/index.html.erb within layouts/application
  [1m[36mCACHE User Load (0.0ms)[0m  [1m[34mSELECT  "users".* FROM "users" WHERE "users"."id" = ? LIMIT ?[0m  [["id", 4], ["LIMIT", 1]]
  ↳ app/helpers/sessions_helper.rb:12
  [1m[35m (1.8ms)[0m  [1m[34mSELECT COUNT(*) FROM "posts"[0m
  ↳ app/views/posts/index.html.erb:14
  [1m[36mPost Load (1.0ms)[0m  [1m[34mSELECT  "posts".* FROM "posts" ORDER BY "posts"."created_at" DESC LIMIT ? OFFSET ?[0m  [["LIMIT", 3], ["OFFSET", 0]]
  ↳ app/views/posts/index.html.erb:15
  Rendered collection of templates [0 times] (0.0ms)
  Rendered posts/index.html.erb within layouts/application (18.5ms)
  [1m[36mCACHE User Load (0.1ms)[0m  [1m[34mSELECT  "users".* FROM "users" WHERE "users"."id" = ? LIMIT ?[0m  [["id", 4], ["LIMIT", 1]]
  ↳ app/helpers/sessions_helper.rb:12
  Rendered layouts/_header.html.erb (8.8ms)
Completed 200 OK in 490ms (Views: 339.9ms | ActiveRecord: 20.4ms)


Started DELETE "/logout" for ::1 at 2020-01-06 21:48:07 +0100
Processing by SessionsController#destroy as HTML
  Parameters: {"authenticity_token"=>"ZVb94Wwz7nxO4xgoWNmptHpnlSWR3ws1zu+7KzNNbv27qUb7jBlRoJD1SCA8dwev2EEhgRxEtThjYC0wCCDwQg=="}
  [1m[36mUser Load (0.4ms)[0m  [1m[34mSELECT  "users".* FROM "users" WHERE "users"."id" = ? LIMIT ?[0m  [["id", 4], ["LIMIT", 1]]
  ↳ app/helpers/sessions_helper.rb:12
  [1m[35m (0.3ms)[0m  [1m[36mbegin transaction[0m
  ↳ app/models/user.rb:33
  [1m[35m (0.9ms)[0m  [1m[36mcommit transaction[0m
  ↳ app/models/user.rb:33
  [1m[36mUser Load (1.1ms)[0m  [1m[34mSELECT  "users".* FROM "users" WHERE "users"."id" IS NULL LIMIT ?[0m  [["LIMIT", 1]]
  ↳ app/helpers/sessions_helper.rb:12
Redirected to http://localhost:3000/login
Completed 302 Found in 30ms (ActiveRecord: 2.7ms)


Started GET "/login" for ::1 at 2020-01-06 21:48:07 +0100
Processing by SessionsController#new as HTML
  Rendering sessions/new.html.erb within layouts/application
  Rendered sessions/new.html.erb within layouts/application (8.9ms)
  [1m[36mUser Load (0.4ms)[0m  [1m[34mSELECT  "users".* FROM "users" WHERE "users"."id" IS NULL LIMIT ?[0m  [["LIMIT", 1]]
  ↳ app/helpers/sessions_helper.rb:12
  Rendered layouts/_header.html.erb (10.3ms)
Completed 200 OK in 458ms (Views: 449.7ms | ActiveRecord: 0.4ms)


Started GET "/login" for ::1 at 2020-01-06 21:48:19 +0100
Processing by SessionsController#new as HTML
  Rendering sessions/new.html.erb within layouts/application
  Rendered sessions/new.html.erb within layouts/application (6.1ms)
  [1m[36mUser Load (0.6ms)[0m  [1m[34mSELECT  "users".* FROM "users" WHERE "users"."id" IS NULL LIMIT ?[0m  [["LIMIT", 1]]
  ↳ app/helpers/sessions_helper.rb:12
  Rendered layouts/_header.html.erb (26.4ms)
Completed 200 OK in 252ms (Views: 246.4ms | ActiveRecord: 2.1ms)


Started POST "/login" for ::1 at 2020-01-06 21:48:30 +0100
Processing by SessionsController#create as HTML
  Parameters: {"utf8"=>"✓", "authenticity_token"=>"2mxQs3WNy2d5GF86VwrUeImbBWBEhyfnO97oU9IXVvEjHEYtDrK9/DP4SIKtZkUrgx3y/GKj/lbRWJMQGw49UQ==", "session"=>{"email"=>"lolo@gmail.com", "password"=>"[FILTERED]"}, "commit"=>"Log in"}
  [1m[36mUser Load (0.9ms)[0m  [1m[34mSELECT  "users".* FROM "users" WHERE "users"."email" = ? LIMIT ?[0m  [["email", "lolo@gmail.com"], ["LIMIT", 1]]
  ↳ app/controllers/sessions_controller.rb:6
  Rendering sessions/new.html.erb within layouts/application
  Rendered sessions/new.html.erb within layouts/application (11.1ms)
  [1m[36mUser Load (0.4ms)[0m  [1m[34mSELECT  "users".* FROM "users" WHERE "users"."id" IS NULL LIMIT ?[0m  [["LIMIT", 1]]
  ↳ app/helpers/sessions_helper.rb:12
  Rendered layouts/_header.html.erb (7.4ms)
Completed 200 OK in 375ms (Views: 349.6ms | ActiveRecord: 1.3ms)


Started POST "/login" for ::1 at 2020-01-06 21:48:37 +0100
Processing by SessionsController#create as HTML
  Parameters: {"utf8"=>"✓", "authenticity_token"=>"8+Bp7YAlzdp1Mra6xDBGc/tpidtyIsw/bEN54pWjXWYtH9L3YA9yBqsk5rKgnuhoWU89f/+5cjLBzO/5rs7D2Q==", "session"=>{"email"=>"mike@gmail.com", "password"=>"[FILTERED]"}, "commit"=>"Log in"}
  [1m[36mUser Load (3.2ms)[0m  [1m[34mSELECT  "users".* FROM "users" WHERE "users"."email" = ? LIMIT ?[0m  [["email", "mike@gmail.com"], ["LIMIT", 1]]
  ↳ app/controllers/sessions_controller.rb:6
  [1m[35m (0.2ms)[0m  [1m[36mbegin transaction[0m
  ↳ app/models/user.rb:28
  [1m[36mUser Update (4.1ms)[0m  [1m[33mUPDATE "users" SET "remember_digest" = ?, "updated_at" = ? WHERE "users"."id" = ?[0m  [["remember_digest", "bc9292650c844d000bdaeeb9949477c981cdb004"], ["updated_at", "2020-01-06 20:48:39.094156"], ["id", 3]]
  ↳ app/models/user.rb:28
  [1m[35m (23.6ms)[0m  [1m[36mcommit transaction[0m
  ↳ app/models/user.rb:28
Redirected to http://localhost:3000/posts
Completed 302 Found in 1506ms (ActiveRecord: 32.8ms)


Started GET "/posts" for ::1 at 2020-01-06 21:48:39 +0100
Processing by PostsController#index as HTML
  [1m[36mUser Load (1.8ms)[0m  [1m[34mSELECT  "users".* FROM "users" WHERE "users"."id" = ? LIMIT ?[0m  [["id", 3], ["LIMIT", 1]]
  ↳ app/helpers/sessions_helper.rb:12
  Rendering posts/index.html.erb within layouts/application
  [1m[36mCACHE User Load (0.0ms)[0m  [1m[34mSELECT  "users".* FROM "users" WHERE "users"."id" = ? LIMIT ?[0m  [["id", 3], ["LIMIT", 1]]
  ↳ app/helpers/sessions_helper.rb:12
  [1m[35m (1.1ms)[0m  [1m[34mSELECT COUNT(*) FROM "posts"[0m
  ↳ app/views/posts/index.html.erb:14
  [1m[36mPost Load (1.0ms)[0m  [1m[34mSELECT  "posts".* FROM "posts" ORDER BY "posts"."created_at" DESC LIMIT ? OFFSET ?[0m  [["LIMIT", 3], ["OFFSET", 0]]
  ↳ app/views/posts/index.html.erb:15
  Rendered collection of templates [0 times] (0.1ms)
  Rendered posts/index.html.erb within layouts/application (30.9ms)
  [1m[36mCACHE User Load (0.1ms)[0m  [1m[34mSELECT  "users".* FROM "users" WHERE "users"."id" = ? LIMIT ?[0m  [["id", 3], ["LIMIT", 1]]
  ↳ app/helpers/sessions_helper.rb:12
  Rendered layouts/_header.html.erb (5.1ms)
Completed 200 OK in 288ms (Views: 258.2ms | ActiveRecord: 5.3ms)


Started DELETE "/logout" for ::1 at 2020-01-06 21:48:43 +0100
Processing by SessionsController#destroy as HTML
  Parameters: {"authenticity_token"=>"OBDQz46jmfMCDIhsVyrCO/wtJ7s2jvFomBzIhW3D7Efm72vVbokmL9wa2GQzhGwgXguTH7sVT2U1k16eVq5y+A=="}
  [1m[36mUser Load (0.5ms)[0m  [1m[34mSELECT  "users".* FROM "users" WHERE "users"."id" = ? LIMIT ?[0m  [["id", 3], ["LIMIT", 1]]
  ↳ app/helpers/sessions_helper.rb:12
  [1m[35m (0.3ms)[0m  [1m[36mbegin transaction[0m
  ↳ app/models/user.rb:33
  [1m[36mUser Update (5.1ms)[0m  [1m[33mUPDATE "users" SET "remember_digest" = ?, "updated_at" = ? WHERE "users"."id" = ?[0m  [["remember_digest", nil], ["updated_at", "2020-01-06 20:48:43.154354"], ["id", 3]]
  ↳ app/models/user.rb:33
  [1m[35m (19.9ms)[0m  [1m[36mcommit transaction[0m
  ↳ app/models/user.rb:33
  [1m[36mUser Load (0.5ms)[0m  [1m[34mSELECT  "users".* FROM "users" WHERE "users"."id" IS NULL LIMIT ?[0m  [["LIMIT", 1]]
  ↳ app/helpers/sessions_helper.rb:12
Redirected to http://localhost:3000/login
Completed 302 Found in 57ms (ActiveRecord: 26.3ms)


Started GET "/login" for ::1 at 2020-01-06 21:48:43 +0100
Processing by SessionsController#new as HTML
  Rendering sessions/new.html.erb within layouts/application
  Rendered sessions/new.html.erb within layouts/application (10.9ms)
  [1m[36mUser Load (1.1ms)[0m  [1m[34mSELECT  "users".* FROM "users" WHERE "users"."id" IS NULL LIMIT ?[0m  [["LIMIT", 1]]
  ↳ app/helpers/sessions_helper.rb:12
  Rendered layouts/_header.html.erb (8.9ms)
Completed 200 OK in 233ms (Views: 228.2ms | ActiveRecord: 1.1ms)


Started POST "/login" for ::1 at 2020-01-06 21:48:54 +0100
Processing by SessionsController#create as HTML
  Parameters: {"utf8"=>"✓", "authenticity_token"=>"Z6WkkV/hPnBveXR54w8GGnlMRMafiIqgu4g3eq1GEZy5Wh+Lv8uBrLFvJHGHoagB22rwYhITNK0WB6FhliuPIw==", "session"=>{"email"=>"mike@gmail.com", "password"=>"[FILTERED]"}, "commit"=>"Log in"}
  [1m[36mUser Load (0.7ms)[0m  [1m[34mSELECT  "users".* FROM "users" WHERE "users"."email" = ? LIMIT ?[0m  [["email", "mike@gmail.com"], ["LIMIT", 1]]
  ↳ app/controllers/sessions_controller.rb:6
  [1m[35m (0.2ms)[0m  [1m[36mbegin transaction[0m
  ↳ app/models/user.rb:28
  [1m[36mUser Update (1.2ms)[0m  [1m[33mUPDATE "users" SET "remember_digest" = ?, "updated_at" = ? WHERE "users"."id" = ?[0m  [["remember_digest", "145aa505f4908d2b287cf4d99036ae580a85896c"], ["updated_at", "2020-01-06 20:48:55.714530"], ["id", 3]]
  ↳ app/models/user.rb:28
  [1m[35m (19.7ms)[0m  [1m[36mcommit transaction[0m
  ↳ app/models/user.rb:28
Redirected to http://localhost:3000/posts
Completed 302 Found in 1164ms (ActiveRecord: 21.8ms)


Started GET "/posts" for ::1 at 2020-01-06 21:48:55 +0100
Processing by PostsController#index as HTML
  [1m[36mUser Load (0.7ms)[0m  [1m[34mSELECT  "users".* FROM "users" WHERE "users"."id" = ? LIMIT ?[0m  [["id", 3], ["LIMIT", 1]]
  ↳ app/helpers/sessions_helper.rb:12
  Rendering posts/index.html.erb within layouts/application
  [1m[36mCACHE User Load (0.1ms)[0m  [1m[34mSELECT  "users".* FROM "users" WHERE "users"."id" = ? LIMIT ?[0m  [["id", 3], ["LIMIT", 1]]
  ↳ app/helpers/sessions_helper.rb:12
  [1m[35m (1.7ms)[0m  [1m[34mSELECT COUNT(*) FROM "posts"[0m
  ↳ app/views/posts/index.html.erb:14
  [1m[36mPost Load (0.6ms)[0m  [1m[34mSELECT  "posts".* FROM "posts" ORDER BY "posts"."created_at" DESC LIMIT ? OFFSET ?[0m  [["LIMIT", 3], ["OFFSET", 0]]
  ↳ app/views/posts/index.html.erb:15
  Rendered collection of templates [0 times] (0.0ms)
  Rendered posts/index.html.erb within layouts/application (46.2ms)
  [1m[36mCACHE User Load (0.0ms)[0m  [1m[34mSELECT  "users".* FROM "users" WHERE "users"."id" = ? LIMIT ?[0m  [["id", 3], ["LIMIT", 1]]
  ↳ app/helpers/sessions_helper.rb:12
  Rendered layouts/_header.html.erb (12.3ms)
Completed 200 OK in 388ms (Views: 365.1ms | ActiveRecord: 3.2ms)


Started GET "/posts/new" for ::1 at 2020-01-06 21:48:57 +0100
Processing by PostsController#new as HTML
  [1m[36mUser Load (0.5ms)[0m  [1m[34mSELECT  "users".* FROM "users" WHERE "users"."id" = ? LIMIT ?[0m  [["id", 3], ["LIMIT", 1]]
  ↳ app/helpers/sessions_helper.rb:12
  [1m[36mCACHE User Load (0.1ms)[0m  [1m[34mSELECT  "users".* FROM "users" WHERE "users"."id" = ? LIMIT ?[0m  [["id", 3], ["LIMIT", 1]]
  ↳ app/helpers/sessions_helper.rb:12
  Rendering posts/new.html.erb within layouts/application
  Rendered posts/new.html.erb within layouts/application (8.3ms)
  [1m[36mCACHE User Load (0.1ms)[0m  [1m[34mSELECT  "users".* FROM "users" WHERE "users"."id" = ? LIMIT ?[0m  [["id", 3], ["LIMIT", 1]]
  ↳ app/helpers/sessions_helper.rb:12
  Rendered layouts/_header.html.erb (7.8ms)
Completed 200 OK in 361ms (Views: 176.9ms | ActiveRecord: 7.2ms)


Started POST "/posts" for ::1 at 2020-01-06 21:49:01 +0100
Processing by PostsController#create as HTML
  Parameters: {"utf8"=>"✓", "authenticity_token"=>"BK5MTQZPCfIVM/WE7tiUsA6O9YGTokCBd5XkgrH8tWQWjiRD6hT/Rw1WAxYdPnA1TSvvKY8pEtO79RZa/4pBQA==", "post"=>{"title"=>"Visit France", "body"=>"The Eiffel Tower"}, "commit"=>"Save changes"}
  [1m[36mUser Load (0.7ms)[0m  [1m[34mSELECT  "users".* FROM "users" WHERE "users"."id" = ? LIMIT ?[0m  [["id", 3], ["LIMIT", 1]]
  ↳ app/helpers/sessions_helper.rb:12
  [1m[36mCACHE User Load (0.1ms)[0m  [1m[34mSELECT  "users".* FROM "users" WHERE "users"."id" = ? LIMIT ?[0m  [["id", 3], ["LIMIT", 1]]
  ↳ app/helpers/sessions_helper.rb:12
  [1m[35m (0.3ms)[0m  [1m[36mbegin transaction[0m
  ↳ app/controllers/posts_controller.rb:11
  [1m[36mPost Create (1.3ms)[0m  [1m[32mINSERT INTO "posts" ("title", "body", "user_id", "created_at", "updated_at") VALUES (?, ?, ?, ?, ?)[0m  [["title", "Visit France"], ["body", "The Eiffel Tower"], ["user_id", 3], ["created_at", "2020-01-06 20:49:01.862363"], ["updated_at", "2020-01-06 20:49:01.862363"]]
  ↳ app/controllers/posts_controller.rb:11
  [1m[35m (27.3ms)[0m  [1m[36mcommit transaction[0m
  ↳ app/controllers/posts_controller.rb:11
Redirected to http://localhost:3000/posts
Completed 302 Found in 87ms (ActiveRecord: 29.7ms)


Started GET "/posts" for ::1 at 2020-01-06 21:49:01 +0100
Processing by PostsController#index as HTML
  [1m[36mUser Load (0.9ms)[0m  [1m[34mSELECT  "users".* FROM "users" WHERE "users"."id" = ? LIMIT ?[0m  [["id", 3], ["LIMIT", 1]]
  ↳ app/helpers/sessions_helper.rb:12
  Rendering posts/index.html.erb within layouts/application
  [1m[36mCACHE User Load (0.1ms)[0m  [1m[34mSELECT  "users".* FROM "users" WHERE "users"."id" = ? LIMIT ?[0m  [["id", 3], ["LIMIT", 1]]
  ↳ app/helpers/sessions_helper.rb:12
  [1m[35m (0.8ms)[0m  [1m[34mSELECT COUNT(*) FROM "posts"[0m
  ↳ app/views/posts/index.html.erb:14
  [1m[36mPost Load (6.6ms)[0m  [1m[34mSELECT  "posts".* FROM "posts" ORDER BY "posts"."created_at" DESC LIMIT ? OFFSET ?[0m  [["LIMIT", 3], ["OFFSET", 0]]
  ↳ app/views/posts/index.html.erb:15
  [1m[36mCACHE User Load (0.1ms)[0m  [1m[34mSELECT  "users".* FROM "users" WHERE "users"."id" = ? LIMIT ?[0m  [["id", 3], ["LIMIT", 1]]
  ↳ app/helpers/sessions_helper.rb:12
  [1m[36mCACHE User Load (0.1ms)[0m  [1m[34mSELECT  "users".* FROM "users" WHERE "users"."id" = ? LIMIT ?[0m  [["id", 3], ["LIMIT", 1]]
  ↳ app/views/posts/_post.html.erb:7
  Rendered collection of posts/_post.html.erb [1 times] (40.0ms)
  Rendered posts/index.html.erb within layouts/application (105.9ms)
  [1m[36mCACHE User Load (0.9ms)[0m  [1m[34mSELECT  "users".* FROM "users" WHERE "users"."id" = ? LIMIT ?[0m  [["id", 3], ["LIMIT", 1]]
  ↳ app/helpers/sessions_helper.rb:12
  Rendered layouts/_header.html.erb (8.6ms)
Completed 200 OK in 644ms (Views: 571.2ms | ActiveRecord: 9.5ms)


Started DELETE "/logout" for ::1 at 2020-01-06 21:49:08 +0100
Processing by SessionsController#destroy as HTML
  Parameters: {"authenticity_token"=>"LfvlAkMhkIfFMLL0cO0khhBVmAM5knEjUziS6plunxTzBF4YowsvWxsm4vwUQ4qdsnMsp7QJzy7+twTxogMBqw=="}
  [1m[36mUser Load (0.7ms)[0m  [1m[34mSELECT  "users".* FROM "users" WHERE "users"."id" = ? LIMIT ?[0m  [["id", 3], ["LIMIT", 1]]
  ↳ app/helpers/sessions_helper.rb:12
  [1m[35m (0.3ms)[0m  [1m[36mbegin transaction[0m
  ↳ app/models/user.rb:33
  [1m[36mUser Update (1.4ms)[0m  [1m[33mUPDATE "users" SET "remember_digest" = ?, "updated_at" = ? WHERE "users"."id" = ?[0m  [["remember_digest", nil], ["updated_at", "2020-01-06 20:49:08.775431"], ["id", 3]]
  ↳ app/models/user.rb:33
  [1m[35m (24.5ms)[0m  [1m[36mcommit transaction[0m
  ↳ app/models/user.rb:33
  [1m[36mUser Load (0.6ms)[0m  [1m[34mSELECT  "users".* FROM "users" WHERE "users"."id" IS NULL LIMIT ?[0m  [["LIMIT", 1]]
  ↳ app/helpers/sessions_helper.rb:12
Redirected to http://localhost:3000/login
Completed 302 Found in 55ms (ActiveRecord: 27.5ms)


Started GET "/login" for ::1 at 2020-01-06 21:49:08 +0100
Processing by SessionsController#new as HTML
  Rendering sessions/new.html.erb within layouts/application
  Rendered sessions/new.html.erb within layouts/application (6.1ms)
  [1m[36mUser Load (0.4ms)[0m  [1m[34mSELECT  "users".* FROM "users" WHERE "users"."id" IS NULL LIMIT ?[0m  [["LIMIT", 1]]
  ↳ app/helpers/sessions_helper.rb:12
  Rendered layouts/_header.html.erb (9.3ms)
Completed 200 OK in 270ms (Views: 261.7ms | ActiveRecord: 0.4ms)


Started GET "/posts" for ::1 at 2020-01-06 21:49:10 +0100
Processing by PostsController#index as HTML
  [1m[36mUser Load (0.5ms)[0m  [1m[34mSELECT  "users".* FROM "users" WHERE "users"."id" IS NULL LIMIT ?[0m  [["LIMIT", 1]]
  ↳ app/helpers/sessions_helper.rb:12
  Rendering posts/index.html.erb within layouts/application
  [1m[36mCACHE User Load (0.1ms)[0m  [1m[34mSELECT  "users".* FROM "users" WHERE "users"."id" IS NULL LIMIT ?[0m  [["LIMIT", 1]]
  ↳ app/helpers/sessions_helper.rb:12
  [1m[35m (0.6ms)[0m  [1m[34mSELECT COUNT(*) FROM "posts"[0m
  ↳ app/views/posts/index.html.erb:14
  [1m[36mPost Load (0.5ms)[0m  [1m[34mSELECT  "posts".* FROM "posts" ORDER BY "posts"."created_at" DESC LIMIT ? OFFSET ?[0m  [["LIMIT", 3], ["OFFSET", 0]]
  ↳ app/views/posts/index.html.erb:15
  [1m[36mCACHE User Load (0.3ms)[0m  [1m[34mSELECT  "users".* FROM "users" WHERE "users"."id" IS NULL LIMIT ?[0m  [["LIMIT", 1]]
  ↳ app/helpers/sessions_helper.rb:12
  Rendered collection of posts/_post.html.erb [1 times] (17.9ms)
  Rendered posts/index.html.erb within layouts/application (60.8ms)
  [1m[36mCACHE User Load (0.1ms)[0m  [1m[34mSELECT  "users".* FROM "users" WHERE "users"."id" IS NULL LIMIT ?[0m  [["LIMIT", 1]]
  ↳ app/helpers/sessions_helper.rb:12
  Rendered layouts/_header.html.erb (6.1ms)
Completed 200 OK in 449ms (Views: 426.7ms | ActiveRecord: 2.0ms)


Started GET "/login" for ::1 at 2020-01-06 21:49:13 +0100
Processing by SessionsController#new as HTML
  Rendering sessions/new.html.erb within layouts/application
  Rendered sessions/new.html.erb within layouts/application (7.8ms)
  [1m[36mUser Load (0.3ms)[0m  [1m[34mSELECT  "users".* FROM "users" WHERE "users"."id" IS NULL LIMIT ?[0m  [["LIMIT", 1]]
  ↳ app/helpers/sessions_helper.rb:12
  Rendered layouts/_header.html.erb (5.9ms)
Completed 200 OK in 309ms (Views: 303.2ms | ActiveRecord: 0.3ms)


Started GET "/signup" for ::1 at 2020-01-06 21:49:15 +0100
Processing by UsersController#new as HTML
  Rendering users/new.html.erb within layouts/application
  Rendered users/new.html.erb within layouts/application (23.4ms)
  [1m[36mUser Load (0.4ms)[0m  [1m[34mSELECT  "users".* FROM "users" WHERE "users"."id" IS NULL LIMIT ?[0m  [["LIMIT", 1]]
  ↳ app/helpers/sessions_helper.rb:12
  Rendered layouts/_header.html.erb (5.3ms)
Completed 200 OK in 242ms (Views: 234.1ms | ActiveRecord: 0.4ms)


Started POST "/users" for ::1 at 2020-01-06 21:49:27 +0100
Processing by UsersController#create as HTML
  Parameters: {"utf8"=>"✓", "authenticity_token"=>"AOvIzhQP83s2pbYHFeDZ0fpljJWxcH3IJASG4WRC2XnLiycO1CRddbfp/FGv/GnbuTNq1Fvqo1INCsyTjTlOkg==", "user"=>{"name"=>"Asha", "email"=>"asha@gmail.com", "password"=>"[FILTERED]", "password_confirmation"=>"[FILTERED]"}, "commit"=>"Save changes"}
  [1m[35m (0.3ms)[0m  [1m[36mbegin transaction[0m
  ↳ app/controllers/users_controller.rb:8
  [1m[36mUser Exists (0.9ms)[0m  [1m[34mSELECT  1 AS one FROM "users" WHERE LOWER("users"."email") = LOWER(?) LIMIT ?[0m  [["email", "asha@gmail.com"], ["LIMIT", 1]]
  ↳ app/controllers/users_controller.rb:8
  [1m[35m (0.2ms)[0m  [1m[31mrollback transaction[0m
  ↳ app/controllers/users_controller.rb:8
  Rendering users/new.html.erb within layouts/application
  Rendered users/new.html.erb within layouts/application (20.8ms)
  [1m[36mUser Load (0.6ms)[0m  [1m[34mSELECT  "users".* FROM "users" WHERE "users"."id" IS NULL LIMIT ?[0m  [["LIMIT", 1]]
  ↳ app/helpers/sessions_helper.rb:12
  Rendered layouts/_header.html.erb (8.6ms)
Completed 200 OK in 1500ms (Views: 243.5ms | ActiveRecord: 2.1ms)


Started POST "/users" for ::1 at 2020-01-06 21:49:36 +0100
Processing by UsersController#create as HTML
  Parameters: {"utf8"=>"✓", "authenticity_token"=>"VUrijykpES/cG7PNrxucwdUuduELiqlJa/XtxN/I4UeLtVmVyQOu8wIN48XLtTLadwjCRYYRF0TGenvf5KV/+A==", "user"=>{"name"=>"Asha", "email"=>"asha@gmail.com", "password"=>"[FILTERED]", "password_confirmation"=>"[FILTERED]"}, "commit"=>"Save changes"}
  [1m[35m (0.5ms)[0m  [1m[36mbegin transaction[0m
  ↳ app/controllers/users_controller.rb:8
  [1m[36mUser Exists (1.1ms)[0m  [1m[34mSELECT  1 AS one FROM "users" WHERE LOWER("users"."email") = LOWER(?) LIMIT ?[0m  [["email", "asha@gmail.com"], ["LIMIT", 1]]
  ↳ app/controllers/users_controller.rb:8
  [1m[35m (0.3ms)[0m  [1m[31mrollback transaction[0m
  ↳ app/controllers/users_controller.rb:8
  Rendering users/new.html.erb within layouts/application
  Rendered users/new.html.erb within layouts/application (21.2ms)
  [1m[36mUser Load (0.5ms)[0m  [1m[34mSELECT  "users".* FROM "users" WHERE "users"."id" IS NULL LIMIT ?[0m  [["LIMIT", 1]]
  ↳ app/helpers/sessions_helper.rb:12
  Rendered layouts/_header.html.erb (8.7ms)
Completed 200 OK in 1846ms (Views: 321.7ms | ActiveRecord: 2.5ms)


Started GET "/login" for ::1 at 2020-01-06 21:49:41 +0100
Processing by SessionsController#new as HTML
  Rendering sessions/new.html.erb within layouts/application
  Rendered sessions/new.html.erb within layouts/application (6.6ms)
  [1m[36mUser Load (0.5ms)[0m  [1m[34mSELECT  "users".* FROM "users" WHERE "users"."id" IS NULL LIMIT ?[0m  [["LIMIT", 1]]
  ↳ app/helpers/sessions_helper.rb:12
  Rendered layouts/_header.html.erb (7.6ms)
Completed 200 OK in 229ms (Views: 223.7ms | ActiveRecord: 0.5ms)


Started POST "/login" for ::1 at 2020-01-06 21:49:49 +0100
Processing by SessionsController#create as HTML
  Parameters: {"utf8"=>"✓", "authenticity_token"=>"r4j/PV4VSGApfJRByLdccO9vnN/mlmTXy8m8RzIEVl5W+OmjJSo++2Ocg/ky280j5elrQ8CyvWYhT8cE+x09/g==", "session"=>{"email"=>"asha@gmail.com", "password"=>"[FILTERED]"}, "commit"=>"Log in"}
  [1m[36mUser Load (0.7ms)[0m  [1m[34mSELECT  "users".* FROM "users" WHERE "users"."email" = ? LIMIT ?[0m  [["email", "asha@gmail.com"], ["LIMIT", 1]]
  ↳ app/controllers/sessions_controller.rb:6
  [1m[35m (0.2ms)[0m  [1m[36mbegin transaction[0m
  ↳ app/models/user.rb:28
  [1m[36mUser Update (1.1ms)[0m  [1m[33mUPDATE "users" SET "remember_digest" = ?, "updated_at" = ? WHERE "users"."id" = ?[0m  [["remember_digest", "81b155f2fed4f5ee06806799596b83d8c00205e7"], ["updated_at", "2020-01-06 20:49:51.237288"], ["id", 1]]
  ↳ app/models/user.rb:28
  [1m[35m (27.4ms)[0m  [1m[36mcommit transaction[0m
  ↳ app/models/user.rb:28
Redirected to http://localhost:3000/posts
Completed 302 Found in 1391ms (ActiveRecord: 29.5ms)


Started GET "/posts" for ::1 at 2020-01-06 21:49:51 +0100
Processing by PostsController#index as HTML
  [1m[36mUser Load (0.8ms)[0m  [1m[34mSELECT  "users".* FROM "users" WHERE "users"."id" = ? LIMIT ?[0m  [["id", 1], ["LIMIT", 1]]
  ↳ app/helpers/sessions_helper.rb:12
  Rendering posts/index.html.erb within layouts/application
  [1m[36mCACHE User Load (0.0ms)[0m  [1m[34mSELECT  "users".* FROM "users" WHERE "users"."id" = ? LIMIT ?[0m  [["id", 1], ["LIMIT", 1]]
  ↳ app/helpers/sessions_helper.rb:12
  [1m[35m (1.0ms)[0m  [1m[34mSELECT COUNT(*) FROM "posts"[0m
  ↳ app/views/posts/index.html.erb:14
  [1m[36mPost Load (0.7ms)[0m  [1m[34mSELECT  "posts".* FROM "posts" ORDER BY "posts"."created_at" DESC LIMIT ? OFFSET ?[0m  [["LIMIT", 3], ["OFFSET", 0]]
  ↳ app/views/posts/index.html.erb:15
  [1m[36mCACHE User Load (0.0ms)[0m  [1m[34mSELECT  "users".* FROM "users" WHERE "users"."id" = ? LIMIT ?[0m  [["id", 1], ["LIMIT", 1]]
  ↳ app/helpers/sessions_helper.rb:12
  [1m[36mUser Load (0.5ms)[0m  [1m[34mSELECT  "users".* FROM "users" WHERE "users"."id" = ? LIMIT ?[0m  [["id", 3], ["LIMIT", 1]]
  ↳ app/views/posts/_post.html.erb:7
  Rendered collection of posts/_post.html.erb [1 times] (17.3ms)
  Rendered posts/index.html.erb within layouts/application (40.8ms)
  [1m[36mCACHE User Load (0.0ms)[0m  [1m[34mSELECT  "users".* FROM "users" WHERE "users"."id" = ? LIMIT ?[0m  [["id", 1], ["LIMIT", 1]]
  ↳ app/helpers/sessions_helper.rb:12
  Rendered layouts/_header.html.erb (5.4ms)
Completed 200 OK in 276ms (Views: 262.3ms | ActiveRecord: 3.1ms)


Started GET "/posts/new" for ::1 at 2020-01-06 21:49:55 +0100
Processing by PostsController#new as HTML
  [1m[36mUser Load (6.5ms)[0m  [1m[34mSELECT  "users".* FROM "users" WHERE "users"."id" = ? LIMIT ?[0m  [["id", 1], ["LIMIT", 1]]
  ↳ app/helpers/sessions_helper.rb:12
  [1m[36mCACHE User Load (0.1ms)[0m  [1m[34mSELECT  "users".* FROM "users" WHERE "users"."id" = ? LIMIT ?[0m  [["id", 1], ["LIMIT", 1]]
  ↳ app/helpers/sessions_helper.rb:12
  Rendering posts/new.html.erb within layouts/application
  Rendered posts/new.html.erb within layouts/application (12.2ms)
  [1m[36mCACHE User Load (0.0ms)[0m  [1m[34mSELECT  "users".* FROM "users" WHERE "users"."id" = ? LIMIT ?[0m  [["id", 1], ["LIMIT", 1]]
  ↳ app/helpers/sessions_helper.rb:12
  Rendered layouts/_header.html.erb (6.9ms)
Completed 200 OK in 263ms (Views: 225.9ms | ActiveRecord: 6.6ms)


Started POST "/posts" for ::1 at 2020-01-06 21:50:03 +0100
Processing by PostsController#create as HTML
  Parameters: {"utf8"=>"✓", "authenticity_token"=>"Pb24pbOZboElDkbh2U1Y5girdY/kqIJKC7ZSGaVRYmAvndCrX8KYND1rsHMqq7xjSw5vJ/gj0BjH1qDB6yeWRA==", "post"=>{"title"=>"Love God", "body"=>"Its close to germany"}, "commit"=>"Save changes"}
  [1m[36mUser Load (0.5ms)[0m  [1m[34mSELECT  "users".* FROM "users" WHERE "users"."id" = ? LIMIT ?[0m  [["id", 1], ["LIMIT", 1]]
  ↳ app/helpers/sessions_helper.rb:12
  [1m[36mCACHE User Load (0.1ms)[0m  [1m[34mSELECT  "users".* FROM "users" WHERE "users"."id" = ? LIMIT ?[0m  [["id", 1], ["LIMIT", 1]]
  ↳ app/helpers/sessions_helper.rb:12
  [1m[35m (0.2ms)[0m  [1m[36mbegin transaction[0m
  ↳ app/controllers/posts_controller.rb:11
  [1m[36mPost Create (6.6ms)[0m  [1m[32mINSERT INTO "posts" ("title", "body", "user_id", "created_at", "updated_at") VALUES (?, ?, ?, ?, ?)[0m  [["title", "Love God"], ["body", "Its close to germany"], ["user_id", 1], ["created_at", "2020-01-06 20:50:03.768245"], ["updated_at", "2020-01-06 20:50:03.768245"]]
  ↳ app/controllers/posts_controller.rb:11
  [1m[35m (20.3ms)[0m  [1m[36mcommit transaction[0m
  ↳ app/controllers/posts_controller.rb:11
Redirected to http://localhost:3000/posts
Completed 302 Found in 88ms (ActiveRecord: 27.6ms)


Started GET "/posts" for ::1 at 2020-01-06 21:50:03 +0100
Processing by PostsController#index as HTML
  [1m[36mUser Load (0.7ms)[0m  [1m[34mSELECT  "users".* FROM "users" WHERE "users"."id" = ? LIMIT ?[0m  [["id", 1], ["LIMIT", 1]]
  ↳ app/helpers/sessions_helper.rb:12
  Rendering posts/index.html.erb within layouts/application
  [1m[36mCACHE User Load (0.1ms)[0m  [1m[34mSELECT  "users".* FROM "users" WHERE "users"."id" = ? LIMIT ?[0m  [["id", 1], ["LIMIT", 1]]
  ↳ app/helpers/sessions_helper.rb:12
  [1m[35m (5.1ms)[0m  [1m[34mSELECT COUNT(*) FROM "posts"[0m
  ↳ app/views/posts/index.html.erb:14
  [1m[36mPost Load (0.7ms)[0m  [1m[34mSELECT  "posts".* FROM "posts" ORDER BY "posts"."created_at" DESC LIMIT ? OFFSET ?[0m  [["LIMIT", 3], ["OFFSET", 0]]
  ↳ app/views/posts/index.html.erb:15
  [1m[36mCACHE User Load (0.2ms)[0m  [1m[34mSELECT  "users".* FROM "users" WHERE "users"."id" = ? LIMIT ?[0m  [["id", 1], ["LIMIT", 1]]
  ↳ app/helpers/sessions_helper.rb:12
  [1m[36mCACHE User Load (0.0ms)[0m  [1m[34mSELECT  "users".* FROM "users" WHERE "users"."id" = ? LIMIT ?[0m  [["id", 1], ["LIMIT", 1]]
  ↳ app/views/posts/_post.html.erb:7
  [1m[36mCACHE User Load (0.1ms)[0m  [1m[34mSELECT  "users".* FROM "users" WHERE "users"."id" = ? LIMIT ?[0m  [["id", 1], ["LIMIT", 1]]
  ↳ app/helpers/sessions_helper.rb:12
  [1m[36mUser Load (0.8ms)[0m  [1m[34mSELECT  "users".* FROM "users" WHERE "users"."id" = ? LIMIT ?[0m  [["id", 3], ["LIMIT", 1]]
  ↳ app/views/posts/_post.html.erb:7
  Rendered collection of posts/_post.html.erb [2 times] (43.0ms)
  Rendered posts/index.html.erb within layouts/application (70.0ms)
  [1m[36mCACHE User Load (0.1ms)[0m  [1m[34mSELECT  "users".* FROM "users" WHERE "users"."id" = ? LIMIT ?[0m  [["id", 1], ["LIMIT", 1]]
  ↳ app/helpers/sessions_helper.rb:12
  Rendered layouts/_header.html.erb (8.0ms)
Completed 200 OK in 529ms (Views: 510.5ms | ActiveRecord: 7.6ms)


Started DELETE "/logout" for ::1 at 2020-01-06 21:50:12 +0100
Processing by SessionsController#destroy as HTML
  Parameters: {"authenticity_token"=>"VfG/fZ3myzDD6Pf9Alx7tD9TS72tLmMiqaZls7CF0ISLDgRnfcx07B3+p/Vm8tWvnXX/GSC13S8EKfOoi+hOOw=="}
  [1m[36mUser Load (0.6ms)[0m  [1m[34mSELECT  "users".* FROM "users" WHERE "users"."id" = ? LIMIT ?[0m  [["id", 1], ["LIMIT", 1]]
  ↳ app/helpers/sessions_helper.rb:12
  [1m[35m (0.2ms)[0m  [1m[36mbegin transaction[0m
  ↳ app/models/user.rb:33
  [1m[36mUser Update (6.5ms)[0m  [1m[33mUPDATE "users" SET "remember_digest" = ?, "updated_at" = ? WHERE "users"."id" = ?[0m  [["remember_digest", nil], ["updated_at", "2020-01-06 20:50:12.832558"], ["id", 1]]
  ↳ app/models/user.rb:33
  [1m[35m (20.8ms)[0m  [1m[36mcommit transaction[0m
  ↳ app/models/user.rb:33
  [1m[36mUser Load (0.4ms)[0m  [1m[34mSELECT  "users".* FROM "users" WHERE "users"."id" IS NULL LIMIT ?[0m  [["LIMIT", 1]]
  ↳ app/helpers/sessions_helper.rb:12
Redirected to http://localhost:3000/login
Completed 302 Found in 75ms (ActiveRecord: 28.4ms)


Started GET "/login" for ::1 at 2020-01-06 21:50:12 +0100
Processing by SessionsController#new as HTML
  Rendering sessions/new.html.erb within layouts/application
  Rendered sessions/new.html.erb within layouts/application (9.0ms)
  [1m[36mUser Load (0.3ms)[0m  [1m[34mSELECT  "users".* FROM "users" WHERE "users"."id" IS NULL LIMIT ?[0m  [["LIMIT", 1]]
  ↳ app/helpers/sessions_helper.rb:12
  Rendered layouts/_header.html.erb (6.8ms)
Completed 200 OK in 285ms (Views: 276.6ms | ActiveRecord: 0.3ms)


Started GET "/signup" for ::1 at 2020-01-06 21:50:15 +0100
Processing by UsersController#new as HTML
  Rendering users/new.html.erb within layouts/application
  Rendered users/new.html.erb within layouts/application (16.8ms)
  [1m[36mUser Load (0.4ms)[0m  [1m[34mSELECT  "users".* FROM "users" WHERE "users"."id" IS NULL LIMIT ?[0m  [["LIMIT", 1]]
  ↳ app/helpers/sessions_helper.rb:12
  Rendered layouts/_header.html.erb (5.9ms)
Completed 200 OK in 228ms (Views: 216.8ms | ActiveRecord: 0.4ms)


Started POST "/users" for ::1 at 2020-01-06 21:50:28 +0100
Processing by UsersController#create as HTML
  Parameters: {"utf8"=>"✓", "authenticity_token"=>"dSWiHbqSMWK+e5J8VX7OxisDzWu6R30jN/1Q+ERRrM2+RU3dermfbD832CrvYn7MaFUrKlDdo7ke8xqKrSo7Jg==", "user"=>{"name"=>"Ron", "email"=>"ron@gmail.com", "password"=>"[FILTERED]", "password_confirmation"=>"[FILTERED]"}, "commit"=>"Save changes"}
  [1m[35m (1.6ms)[0m  [1m[36mbegin transaction[0m
  ↳ app/controllers/users_controller.rb:8
  [1m[36mUser Exists (0.6ms)[0m  [1m[34mSELECT  1 AS one FROM "users" WHERE LOWER("users"."email") = LOWER(?) LIMIT ?[0m  [["email", "ron@gmail.com"], ["LIMIT", 1]]
  ↳ app/controllers/users_controller.rb:8
  [1m[36mUser Create (12.5ms)[0m  [1m[32mINSERT INTO "users" ("name", "email", "created_at", "updated_at", "password_digest") VALUES (?, ?, ?, ?, ?)[0m  [["name", "Ron"], ["email", "ron@gmail.com"], ["created_at", "2020-01-06 20:50:29.579598"], ["updated_at", "2020-01-06 20:50:29.579598"], ["password_digest", "$2a$12$Z1GLl4HdPEfFQXdIs0cCre5k.PSEJc0hObtp18VgvMiBIsE1z0Coe"]]
  ↳ app/controllers/users_controller.rb:8
  [1m[35m (23.7ms)[0m  [1m[36mcommit transaction[0m
  ↳ app/controllers/users_controller.rb:8
  [1m[35m (0.3ms)[0m  [1m[36mbegin transaction[0m
  ↳ app/models/user.rb:28
  [1m[36mUser Update (1.7ms)[0m  [1m[33mUPDATE "users" SET "updated_at" = ?, "remember_digest" = ? WHERE "users"."id" = ?[0m  [["updated_at", "2020-01-06 20:50:29.630287"], ["remember_digest", "5f5fa08afa88e95e68d028203ddb8d0608c11710"], ["id", 5]]
  ↳ app/models/user.rb:28
  [1m[35m (17.4ms)[0m  [1m[36mcommit transaction[0m
  ↳ app/models/user.rb:28
Redirected to http://localhost:3000/
Completed 302 Found in 1357ms (ActiveRecord: 57.8ms)


Started GET "/" for ::1 at 2020-01-06 21:50:29 +0100
Processing by PostsController#index as HTML
  [1m[36mUser Load (0.7ms)[0m  [1m[34mSELECT  "users".* FROM "users" WHERE "users"."id" = ? LIMIT ?[0m  [["id", 5], ["LIMIT", 1]]
  ↳ app/helpers/sessions_helper.rb:12
  Rendering posts/index.html.erb within layouts/application
  [1m[36mCACHE User Load (0.1ms)[0m  [1m[34mSELECT  "users".* FROM "users" WHERE "users"."id" = ? LIMIT ?[0m  [["id", 5], ["LIMIT", 1]]
  ↳ app/helpers/sessions_helper.rb:12
  [1m[35m (0.4ms)[0m  [1m[34mSELECT COUNT(*) FROM "posts"[0m
  ↳ app/views/posts/index.html.erb:14
  [1m[36mPost Load (0.5ms)[0m  [1m[34mSELECT  "posts".* FROM "posts" ORDER BY "posts"."created_at" DESC LIMIT ? OFFSET ?[0m  [["LIMIT", 3], ["OFFSET", 0]]
  ↳ app/views/posts/index.html.erb:15
  [1m[36mCACHE User Load (0.1ms)[0m  [1m[34mSELECT  "users".* FROM "users" WHERE "users"."id" = ? LIMIT ?[0m  [["id", 5], ["LIMIT", 1]]
  ↳ app/helpers/sessions_helper.rb:12
  [1m[36mUser Load (0.4ms)[0m  [1m[34mSELECT  "users".* FROM "users" WHERE "users"."id" = ? LIMIT ?[0m  [["id", 1], ["LIMIT", 1]]
  ↳ app/views/posts/_post.html.erb:7
  [1m[36mCACHE User Load (0.0ms)[0m  [1m[34mSELECT  "users".* FROM "users" WHERE "users"."id" = ? LIMIT ?[0m  [["id", 5], ["LIMIT", 1]]
  ↳ app/helpers/sessions_helper.rb:12
  [1m[36mUser Load (0.4ms)[0m  [1m[34mSELECT  "users".* FROM "users" WHERE "users"."id" = ? LIMIT ?[0m  [["id", 3], ["LIMIT", 1]]
  ↳ app/views/posts/_post.html.erb:7
  Rendered collection of posts/_post.html.erb [2 times] (21.8ms)
  Rendered posts/index.html.erb within layouts/application (36.7ms)
  [1m[36mCACHE User Load (0.3ms)[0m  [1m[34mSELECT  "users".* FROM "users" WHERE "users"."id" = ? LIMIT ?[0m  [["id", 5], ["LIMIT", 1]]
  ↳ app/helpers/sessions_helper.rb:12
  Rendered layouts/_header.html.erb (18.3ms)
Completed 200 OK in 334ms (Views: 314.5ms | ActiveRecord: 2.9ms)


Started DELETE "/logout" for ::1 at 2020-01-06 21:50:33 +0100
Processing by SessionsController#destroy as HTML
  Parameters: {"authenticity_token"=>"QpxRnkfVGb12AvFEIbw2ae1qUE64lkXUgteRQqYqdQScY+qEp/+mYagUoUxFEphyT0zk6jUN+9kvWAdZnUfruw=="}
  [1m[36mUser Load (0.5ms)[0m  [1m[34mSELECT  "users".* FROM "users" WHERE "users"."id" = ? LIMIT ?[0m  [["id", 5], ["LIMIT", 1]]
  ↳ app/helpers/sessions_helper.rb:12
  [1m[35m (0.2ms)[0m  [1m[36mbegin transaction[0m
  ↳ app/models/user.rb:33
  [1m[36mUser Update (0.9ms)[0m  [1m[33mUPDATE "users" SET "remember_digest" = ?, "updated_at" = ? WHERE "users"."id" = ?[0m  [["remember_digest", nil], ["updated_at", "2020-01-06 20:50:33.963544"], ["id", 5]]
  ↳ app/models/user.rb:33
  [1m[35m (19.9ms)[0m  [1m[36mcommit transaction[0m
  ↳ app/models/user.rb:33
  [1m[36mUser Load (0.4ms)[0m  [1m[34mSELECT  "users".* FROM "users" WHERE "users"."id" IS NULL LIMIT ?[0m  [["LIMIT", 1]]
  ↳ app/helpers/sessions_helper.rb:12
Redirected to http://localhost:3000/login
Completed 302 Found in 61ms (ActiveRecord: 21.9ms)


Started GET "/login" for ::1 at 2020-01-06 21:50:34 +0100
Processing by SessionsController#new as HTML
  Rendering sessions/new.html.erb within layouts/application
  Rendered sessions/new.html.erb within layouts/application (10.7ms)
  [1m[36mUser Load (0.7ms)[0m  [1m[34mSELECT  "users".* FROM "users" WHERE "users"."id" IS NULL LIMIT ?[0m  [["LIMIT", 1]]
  ↳ app/helpers/sessions_helper.rb:12
  Rendered layouts/_header.html.erb (7.8ms)
Completed 200 OK in 267ms (Views: 262.6ms | ActiveRecord: 0.7ms)


